# JRE version: Java(TM) SE Runtime Environment (7.0_71-b14) (build 1.7.0_71-b14)
# Java VM: Java HotSpot(TM) 64-Bit Server VM (24.71-b01 mixed mode windows-amd64 compressed oops)
Heap
 PSYoungGen      total 71680K, used 50796K [0x00000007d5e80000, 0x00000007da980000, 0x0000000800000000)
  eden space 66560K, 71% used [0x00000007d5e80000,0x00000007d8caedf0,0x00000007d9f80000)
  from space 5120K, 68% used [0x00000007d9f80000,0x00000007da2ec410,0x00000007da480000)
  to   space 5120K, 0% used [0x00000007da480000,0x00000007da480000,0x00000007da980000)
 ParOldGen       total 86016K, used 24162K [0x0000000781c00000, 0x0000000787000000, 0x00000007d5e80000)
  object space 86016K, 28% used [0x0000000781c00000,0x0000000783398950,0x0000000787000000)
 PSPermGen       total 31744K, used 31500K [0x000000077ca00000, 0x000000077e900000, 0x0000000781c00000)
  object space 31744K, 99% used [0x000000077ca00000,0x000000077e8c3210,0x000000077e900000)
GC Heap History (10 events):
Event: 2.109 GC heap before
{Heap before GC invocations=7 (full 0):
 PSYoungGen      total 71680K, used 71679K [0x00000007d5e80000, 0x00000007da980000, 0x0000000800000000)
  eden space 66560K, 100% used [0x00000007d5e80000,0x00000007d9f80000,0x00000007d9f80000)
  from space 5120K, 99% used [0x00000007da480000,0x00000007da97fca0,0x00000007da980000)
  to   space 5120K, 0% used [0x00000007d9f80000,0x00000007d9f80000,0x00000007da480000)
 ParOldGen       total 86016K, used 6167K [0x0000000781c00000, 0x0000000787000000, 0x00000007d5e80000)
  object space 86016K, 7% used [0x0000000781c00000,0x0000000782205f20,0x0000000787000000)
 PSPermGen       total 22528K, used 22513K [0x000000077ca00000, 0x000000077e000000, 0x0000000781c00000)
  object space 22528K, 99% used [0x000000077ca00000,0x000000077dffc790,0x000000077e000000)
Event: 2.117 GC heap after
Heap after GC invocations=7 (full 0):
 PSYoungGen      total 71680K, used 5113K [0x00000007d5e80000, 0x00000007da980000, 0x0000000800000000)
  eden space 66560K, 0% used [0x00000007d5e80000,0x00000007d5e80000,0x00000007d9f80000)
  from space 5120K, 99% used [0x00000007d9f80000,0x00000007da47e768,0x00000007da480000)
  to   space 5120K, 0% used [0x00000007da480000,0x00000007da480000,0x00000007da980000)
 ParOldGen       total 86016K, used 8323K [0x0000000781c00000, 0x0000000787000000, 0x00000007d5e80000)
  object space 86016K, 9% used [0x0000000781c00000,0x0000000782420ca8,0x0000000787000000)
 PSPermGen       total 22528K, used 22513K [0x000000077ca00000, 0x000000077e000000, 0x0000000781c00000)
  object space 22528K, 99% used [0x000000077ca00000,0x000000077dffc790,0x000000077e000000)
}
Event: 2.569 GC heap before
{Heap before GC invocations=8 (full 0):
 PSYoungGen      total 71680K, used 71673K [0x00000007d5e80000, 0x00000007da980000, 0x0000000800000000)
  eden space 66560K, 100% used [0x00000007d5e80000,0x00000007d9f80000,0x00000007d9f80000)
  from space 5120K, 99% used [0x00000007d9f80000,0x00000007da47e768,0x00000007da480000)
  to   space 5120K, 0% used [0x00000007da480000,0x00000007da480000,0x00000007da980000)
 ParOldGen       total 86016K, used 8323K [0x0000000781c00000, 0x0000000787000000, 0x00000007d5e80000)
  object space 86016K, 9% used [0x0000000781c00000,0x0000000782420ca8,0x0000000787000000)
 PSPermGen       total 25088K, used 25038K [0x000000077ca00000, 0x000000077e280000, 0x0000000781c00000)
  object space 25088K, 99% used [0x000000077ca00000,0x000000077e273898,0x000000077e280000)
Event: 2.577 GC heap after
Heap after GC invocations=8 (full 0):
 PSYoungGen      total 71680K, used 5120K [0x00000007d5e80000, 0x00000007da980000, 0x0000000800000000)
  eden space 66560K, 0% used [0x00000007d5e80000,0x00000007d5e80000,0x00000007d9f80000)
  from space 5120K, 100% used [0x00000007da480000,0x00000007da980000,0x00000007da980000)
  to   space 5120K, 0% used [0x00000007d9f80000,0x00000007d9f80000,0x00000007da480000)
 ParOldGen       total 86016K, used 11523K [0x0000000781c00000, 0x0000000787000000, 0x00000007d5e80000)
  object space 86016K, 13% used [0x0000000781c00000,0x0000000782740cf0,0x0000000787000000)
 PSPermGen       total 25088K, used 25038K [0x000000077ca00000, 0x000000077e280000, 0x0000000781c00000)
  object space 25088K, 99% used [0x000000077ca00000,0x000000077e273898,0x000000077e280000)
}
Event: 3.018 GC heap before
{Heap before GC invocations=9 (full 0):
 PSYoungGen      total 71680K, used 71680K [0x00000007d5e80000, 0x00000007da980000, 0x0000000800000000)
  eden space 66560K, 100% used [0x00000007d5e80000,0x00000007d9f80000,0x00000007d9f80000)
  from space 5120K, 100% used [0x00000007da480000,0x00000007da980000,0x00000007da980000)
  to   space 5120K, 0% used [0x00000007d9f80000,0x00000007d9f80000,0x00000007da480000)
 ParOldGen       total 86016K, used 11523K [0x0000000781c00000, 0x0000000787000000, 0x00000007d5e80000)
  object space 86016K, 13% used [0x0000000781c00000,0x0000000782740cf0,0x0000000787000000)
 PSPermGen       total 28160K, used 28047K [0x000000077ca00000, 0x000000077e580000, 0x0000000781c00000)
  object space 28160K, 99% used [0x000000077ca00000,0x000000077e563e58,0x000000077e580000)
Event: 3.038 GC heap after
Heap after GC invocations=9 (full 0):
 PSYoungGen      total 71680K, used 5088K [0x00000007d5e80000, 0x00000007da980000, 0x0000000800000000)
  eden space 66560K, 0% used [0x00000007d5e80000,0x00000007d5e80000,0x00000007d9f80000)
  from space 5120K, 99% used [0x00000007d9f80000,0x00000007da478040,0x00000007da480000)
  to   space 5120K, 0% used [0x00000007da480000,0x00000007da480000,0x00000007da980000)
 ParOldGen       total 86016K, used 17435K [0x0000000781c00000, 0x0000000787000000, 0x00000007d5e80000)
  object space 86016K, 20% used [0x0000000781c00000,0x0000000782d06c30,0x0000000787000000)
 PSPermGen       total 28160K, used 28047K [0x000000077ca00000, 0x000000077e580000, 0x0000000781c00000)
  object space 28160K, 99% used [0x000000077ca00000,0x000000077e563e58,0x000000077e580000)
}
Event: 3.447 GC heap before
{Heap before GC invocations=10 (full 0):
 PSYoungGen      total 71680K, used 71648K [0x00000007d5e80000, 0x00000007da980000, 0x0000000800000000)
  eden space 66560K, 100% used [0x00000007d5e80000,0x00000007d9f80000,0x00000007d9f80000)
  from space 5120K, 99% used [0x00000007d9f80000,0x00000007da478040,0x00000007da480000)
  to   space 5120K, 0% used [0x00000007da480000,0x00000007da480000,0x00000007da980000)
 ParOldGen       total 86016K, used 17435K [0x0000000781c00000, 0x0000000787000000, 0x00000007d5e80000)
  object space 86016K, 20% used [0x0000000781c00000,0x0000000782d06c30,0x0000000787000000)
 PSPermGen       total 29696K, used 29653K [0x000000077ca00000, 0x000000077e700000, 0x0000000781c00000)
  object space 29696K, 99% used [0x000000077ca00000,0x000000077e6f5790,0x000000077e700000)
Event: 3.454 GC heap after
Heap after GC invocations=10 (full 0):
 PSYoungGen      total 71680K, used 5106K [0x00000007d5e80000, 0x00000007da980000, 0x0000000800000000)
  eden space 66560K, 0% used [0x00000007d5e80000,0x00000007d5e80000,0x00000007d9f80000)
  from space 5120K, 99% used [0x00000007da480000,0x00000007da97c928,0x00000007da980000)
  to   space 5120K, 0% used [0x00000007d9f80000,0x00000007d9f80000,0x00000007da480000)
 ParOldGen       total 86016K, used 20290K [0x0000000781c00000, 0x0000000787000000, 0x00000007d5e80000)
  object space 86016K, 23% used [0x0000000781c00000,0x0000000782fd08c0,0x0000000787000000)
 PSPermGen       total 29696K, used 29653K [0x000000077ca00000, 0x000000077e700000, 0x0000000781c00000)
  object space 29696K, 99% used [0x000000077ca00000,0x000000077e6f5790,0x000000077e700000)
}
Event: 3.875 GC heap before
{Heap before GC invocations=11 (full 0):
 PSYoungGen      total 71680K, used 71666K [0x00000007d5e80000, 0x00000007da980000, 0x0000000800000000)
  eden space 66560K, 100% used [0x00000007d5e80000,0x00000007d9f80000,0x00000007d9f80000)
  from space 5120K, 99% used [0x00000007da480000,0x00000007da97c928,0x00000007da980000)
  to   space 5120K, 0% used [0x00000007d9f80000,0x00000007d9f80000,0x00000007da480000)
 ParOldGen       total 86016K, used 20290K [0x0000000781c00000, 0x0000000787000000, 0x00000007d5e80000)
  object space 86016K, 23% used [0x0000000781c00000,0x0000000782fd08c0,0x0000000787000000)
 PSPermGen       total 31232K, used 31022K [0x000000077ca00000, 0x000000077e880000, 0x0000000781c00000)
  object space 31232K, 99% used [0x000000077ca00000,0x000000077e84b8d8,0x000000077e880000)
Event: 3.882 GC heap after
Heap after GC invocations=11 (full 0):
 PSYoungGen      total 71680K, used 3505K [0x00000007d5e80000, 0x00000007da980000, 0x0000000800000000)
  eden space 66560K, 0% used [0x00000007d5e80000,0x00000007d5e80000,0x00000007d9f80000)
  from space 5120K, 68% used [0x00000007d9f80000,0x00000007da2ec410,0x00000007da480000)
  to   space 5120K, 0% used [0x00000007da480000,0x00000007da480000,0x00000007da980000)
 ParOldGen       total 86016K, used 24162K [0x0000000781c00000, 0x0000000787000000, 0x00000007d5e80000)
  object space 86016K, 28% used [0x0000000781c00000,0x0000000783398950,0x0000000787000000)
 PSPermGen       total 31232K, used 31022K [0x000000077ca00000, 0x000000077e880000, 0x0000000781c00000)
  object space 31232K, 99% used [0x000000077ca00000,0x000000077e84b8d8,0x000000077e880000)
}

