# JRE version: Java(TM) SE Runtime Environment (7.0_71-b14) (build 1.7.0_71-b14)
# Java VM: Java HotSpot(TM) 64-Bit Server VM (24.71-b01 mixed mode windows-amd64 compressed oops)
Heap
 PSYoungGen      total 277504K, used 277478K [0x00000007d5e80000, 0x00000007e8280000, 0x0000000800000000)
  eden space 262144K, 100% used [0x00000007d5e80000,0x00000007e5e80000,0x00000007e5e80000)
  from space 15360K, 99% used [0x00000007e6f80000,0x00000007e7e79a90,0x00000007e7e80000)
  to   space 17408K, 8% used [0x00000007e5e80000,0x00000007e6006050,0x00000007e6f80000)
 ParOldGen       total 86016K, used 18280K [0x0000000781c00000, 0x0000000787000000, 0x00000007d5e80000)
  object space 86016K, 21% used [0x0000000781c00000,0x0000000782dda0b8,0x0000000787000000)
 PSPermGen       total 44544K, used 44157K [0x000000077ca00000, 0x000000077f580000, 0x0000000781c00000)
  object space 44544K, 99% used [0x000000077ca00000,0x000000077f51f400,0x000000077f580000)
GC Heap History (10 events):
Event: 1.566 GC heap before
{Heap before GC invocations=4 (full 0):
 PSYoungGen      total 38400K, used 38372K [0x00000007d5e80000, 0x00000007da980000, 0x0000000800000000)
  eden space 33280K, 100% used [0x00000007d5e80000,0x00000007d7f00000,0x00000007d7f00000)
  from space 5120K, 99% used [0x00000007d7f00000,0x00000007d83f9170,0x00000007d8400000)
  to   space 5120K, 0% used [0x00000007da480000,0x00000007da480000,0x00000007da980000)
 ParOldGen       total 86016K, used 3908K [0x0000000781c00000, 0x0000000787000000, 0x00000007d5e80000)
  object space 86016K, 4% used [0x0000000781c00000,0x0000000781fd12d0,0x0000000787000000)
 PSPermGen       total 21504K, used 21309K [0x000000077ca00000, 0x000000077df00000, 0x0000000781c00000)
  object space 21504K, 99% used [0x000000077ca00000,0x000000077decf5b0,0x000000077df00000)
Event: 1.572 GC heap after
Heap after GC invocations=4 (full 0):
 PSYoungGen      total 71680K, used 5092K [0x00000007d5e80000, 0x00000007da980000, 0x0000000800000000)
  eden space 66560K, 0% used [0x00000007d5e80000,0x00000007d5e80000,0x00000007d9f80000)
  from space 5120K, 99% used [0x00000007da480000,0x00000007da979180,0x00000007da980000)
  to   space 5120K, 0% used [0x00000007d9f80000,0x00000007d9f80000,0x00000007da480000)
 ParOldGen       total 86016K, used 5641K [0x0000000781c00000, 0x0000000787000000, 0x00000007d5e80000)
  object space 86016K, 6% used [0x0000000781c00000,0x0000000782182650,0x0000000787000000)
 PSPermGen       total 21504K, used 21309K [0x000000077ca00000, 0x000000077df00000, 0x0000000781c00000)
  object space 21504K, 99% used [0x000000077ca00000,0x000000077decf5b0,0x000000077df00000)
}
Event: 2.019 GC heap before
{Heap before GC invocations=5 (full 0):
 PSYoungGen      total 71680K, used 71652K [0x00000007d5e80000, 0x00000007da980000, 0x0000000800000000)
  eden space 66560K, 100% used [0x00000007d5e80000,0x00000007d9f80000,0x00000007d9f80000)
  from space 5120K, 99% used [0x00000007da480000,0x00000007da979180,0x00000007da980000)
  to   space 5120K, 0% used [0x00000007d9f80000,0x00000007d9f80000,0x00000007da480000)
 ParOldGen       total 86016K, used 5641K [0x0000000781c00000, 0x0000000787000000, 0x00000007d5e80000)
  object space 86016K, 6% used [0x0000000781c00000,0x0000000782182650,0x0000000787000000)
 PSPermGen       total 23040K, used 22622K [0x000000077ca00000, 0x000000077e080000, 0x0000000781c00000)
  object space 23040K, 98% used [0x000000077ca00000,0x000000077e017ad8,0x000000077e080000)
Event: 2.027 GC heap after
Heap after GC invocations=5 (full 0):
 PSYoungGen      total 71680K, used 5119K [0x00000007d5e80000, 0x00000007df380000, 0x0000000800000000)
  eden space 66560K, 0% used [0x00000007d5e80000,0x00000007d5e80000,0x00000007d9f80000)
  from space 5120K, 99% used [0x00000007d9f80000,0x00000007da47fca0,0x00000007da480000)
  to   space 9728K, 0% used [0x00000007dea00000,0x00000007dea00000,0x00000007df380000)
 ParOldGen       total 86016K, used 9724K [0x0000000781c00000, 0x0000000787000000, 0x00000007d5e80000)
  object space 86016K, 11% used [0x0000000781c00000,0x000000078257f2b0,0x0000000787000000)
 PSPermGen       total 23040K, used 22622K [0x000000077ca00000, 0x000000077e080000, 0x0000000781c00000)
  object space 23040K, 98% used [0x000000077ca00000,0x000000077e017ad8,0x000000077e080000)
}
Event: 2.589 GC heap before
{Heap before GC invocations=6 (full 0):
 PSYoungGen      total 71680K, used 71679K [0x00000007d5e80000, 0x00000007df380000, 0x0000000800000000)
  eden space 66560K, 100% used [0x00000007d5e80000,0x00000007d9f80000,0x00000007d9f80000)
  from space 5120K, 99% used [0x00000007d9f80000,0x00000007da47fca0,0x00000007da480000)
  to   space 9728K, 0% used [0x00000007dea00000,0x00000007dea00000,0x00000007df380000)
 ParOldGen       total 86016K, used 9724K [0x0000000781c00000, 0x0000000787000000, 0x00000007d5e80000)
  object space 86016K, 11% used [0x0000000781c00000,0x000000078257f2b0,0x0000000787000000)
 PSPermGen       total 25600K, used 25383K [0x000000077ca00000, 0x000000077e300000, 0x0000000781c00000)
  object space 25600K, 99% used [0x000000077ca00000,0x000000077e2c9fc0,0x000000077e300000)
Event: 2.607 GC heap after
Heap after GC invocations=6 (full 0):
 PSYoungGen      total 141824K, used 9715K [0x00000007d5e80000, 0x00000007df580000, 0x0000000800000000)
  eden space 132096K, 0% used [0x00000007d5e80000,0x00000007d5e80000,0x00000007ddf80000)
  from space 9728K, 99% used [0x00000007dea00000,0x00000007df37cd28,0x00000007df380000)
  to   space 10752K, 0% used [0x00000007ddf80000,0x00000007ddf80000,0x00000007dea00000)
 ParOldGen       total 86016K, used 9789K [0x0000000781c00000, 0x0000000787000000, 0x00000007d5e80000)
  object space 86016K, 11% used [0x0000000781c00000,0x000000078258f6a0,0x0000000787000000)
 PSPermGen       total 25600K, used 25383K [0x000000077ca00000, 0x000000077e300000, 0x0000000781c00000)
  object space 25600K, 99% used [0x000000077ca00000,0x000000077e2c9fc0,0x000000077e300000)
}
Event: 3.606 GC heap before
{Heap before GC invocations=7 (full 0):
 PSYoungGen      total 141824K, used 141811K [0x00000007d5e80000, 0x00000007df580000, 0x0000000800000000)
  eden space 132096K, 100% used [0x00000007d5e80000,0x00000007ddf80000,0x00000007ddf80000)
  from space 9728K, 99% used [0x00000007dea00000,0x00000007df37cd28,0x00000007df380000)
  to   space 10752K, 0% used [0x00000007ddf80000,0x00000007ddf80000,0x00000007dea00000)
 ParOldGen       total 86016K, used 9789K [0x0000000781c00000, 0x0000000787000000, 0x00000007d5e80000)
  object space 86016K, 11% used [0x0000000781c00000,0x000000078258f6a0,0x0000000787000000)
 PSPermGen       total 30720K, used 30449K [0x000000077ca00000, 0x000000077e800000, 0x0000000781c00000)
  object space 30720K, 99% used [0x000000077ca00000,0x000000077e7bc4d0,0x000000077e800000)
Event: 3.621 GC heap after
Heap after GC invocations=7 (full 0):
 PSYoungGen      total 142848K, used 10739K [0x00000007d5e80000, 0x00000007e7e80000, 0x0000000800000000)
  eden space 132096K, 0% used [0x00000007d5e80000,0x00000007d5e80000,0x00000007ddf80000)
  from space 10752K, 99% used [0x00000007ddf80000,0x00000007de9fcea0,0x00000007dea00000)
  to   space 15360K, 0% used [0x00000007e6f80000,0x00000007e6f80000,0x00000007e7e80000)
 ParOldGen       total 86016K, used 16192K [0x0000000781c00000, 0x0000000787000000, 0x00000007d5e80000)
  object space 86016K, 18% used [0x0000000781c00000,0x0000000782bd0010,0x0000000787000000)
 PSPermGen       total 30720K, used 30449K [0x000000077ca00000, 0x000000077e800000, 0x0000000781c00000)
  object space 30720K, 99% used [0x000000077ca00000,0x000000077e7bc4d0,0x000000077e800000)
}
Event: 4.517 GC heap before
{Heap before GC invocations=8 (full 0):
 PSYoungGen      total 142848K, used 142835K [0x00000007d5e80000, 0x00000007e7e80000, 0x0000000800000000)
  eden space 132096K, 100% used [0x00000007d5e80000,0x00000007ddf80000,0x00000007ddf80000)
  from space 10752K, 99% used [0x00000007ddf80000,0x00000007de9fcea0,0x00000007dea00000)
  to   space 15360K, 0% used [0x00000007e6f80000,0x00000007e6f80000,0x00000007e7e80000)
 ParOldGen       total 86016K, used 16192K [0x0000000781c00000, 0x0000000787000000, 0x00000007d5e80000)
  object space 86016K, 18% used [0x0000000781c00000,0x0000000782bd0010,0x0000000787000000)
 PSPermGen       total 33280K, used 33117K [0x000000077ca00000, 0x000000077ea80000, 0x0000000781c00000)
  object space 33280K, 99% used [0x000000077ca00000,0x000000077ea57400,0x000000077ea80000)
Event: 4.541 GC heap after
Heap after GC invocations=8 (full 0):
 PSYoungGen      total 277504K, used 15334K [0x00000007d5e80000, 0x00000007e8280000, 0x0000000800000000)
  eden space 262144K, 0% used [0x00000007d5e80000,0x00000007d5e80000,0x00000007e5e80000)
  from space 15360K, 99% used [0x00000007e6f80000,0x00000007e7e79a90,0x00000007e7e80000)
  to   space 17408K, 0% used [0x00000007e5e80000,0x00000007e5e80000,0x00000007e6f80000)
 ParOldGen       total 86016K, used 17780K [0x0000000781c00000, 0x0000000787000000, 0x00000007d5e80000)
  object space 86016K, 20% used [0x0000000781c00000,0x0000000782d5d0a8,0x0000000787000000)
 PSPermGen       total 33280K, used 33117K [0x000000077ca00000, 0x000000077ea80000, 0x0000000781c00000)
  object space 33280K, 99% used [0x000000077ca00000,0x000000077ea57400,0x000000077ea80000)
}

