# JRE version: Java(TM) SE Runtime Environment (7.0_71-b14) (build 1.7.0_71-b14)
# Java VM: Java HotSpot(TM) 64-Bit Server VM (24.71-b01 mixed mode windows-amd64 compressed oops)
Heap
 PSYoungGen      total 273408K, used 12427K [0x00000007d5e80000, 0x00000007e7c00000, 0x0000000800000000)
  eden space 258560K, 4% used [0x00000007d5e80000,0x00000007d6aa2c28,0x00000007e5b00000)
  from space 14848K, 0% used [0x00000007e6d80000,0x00000007e6d80000,0x00000007e7c00000)
  to   space 16896K, 0% used [0x00000007e5b00000,0x00000007e5b00000,0x00000007e6b80000)
 ParOldGen       total 68096K, used 27672K [0x0000000781c00000, 0x0000000785e80000, 0x00000007d5e80000)
  object space 68096K, 40% used [0x0000000781c00000,0x0000000783706138,0x0000000785e80000)
 PSPermGen       total 46080K, used 45922K [0x000000077ca00000, 0x000000077f700000, 0x0000000781c00000)
  object space 46080K, 99% used [0x000000077ca00000,0x000000077f6d8a90,0x000000077f700000)
GC Heap History (10 events):
Event: 9.807 GC heap before
{Heap before GC invocations=33 (full 11):
 PSYoungGen      total 268288K, used 160K [0x00000007d5e80000, 0x00000007e8100000, 0x0000000800000000)
  eden space 256512K, 0% used [0x00000007d5e80000,0x00000007d5e80000,0x00000007e5900000)
  from space 11776K, 1% used [0x00000007e6b00000,0x00000007e6b28000,0x00000007e7680000)
  to   space 18432K, 0% used [0x00000007e5900000,0x00000007e5900000,0x00000007e6b00000)
 ParOldGen       total 68096K, used 23610K [0x0000000781c00000, 0x0000000785e80000, 0x00000007d5e80000)
  object space 68096K, 34% used [0x0000000781c00000,0x000000078330eb08,0x0000000785e80000)
 PSPermGen       total 44544K, used 44544K [0x000000077ca00000, 0x000000077f580000, 0x0000000781c00000)
  object space 44544K, 100% used [0x000000077ca00000,0x000000077f580000,0x000000077f580000)
Event: 9.869 GC heap after
Heap after GC invocations=33 (full 11):
 PSYoungGen      total 268288K, used 0K [0x00000007d5e80000, 0x00000007e8100000, 0x0000000800000000)
  eden space 256512K, 0% used [0x00000007d5e80000,0x00000007d5e80000,0x00000007e5900000)
  from space 11776K, 0% used [0x00000007e6b00000,0x00000007e6b00000,0x00000007e7680000)
  to   space 18432K, 0% used [0x00000007e5900000,0x00000007e5900000,0x00000007e6b00000)
 ParOldGen       total 68096K, used 23621K [0x0000000781c00000, 0x0000000785e80000, 0x00000007d5e80000)
  object space 68096K, 34% used [0x0000000781c00000,0x0000000783311530,0x0000000785e80000)
 PSPermGen       total 44544K, used 44543K [0x000000077ca00000, 0x000000077f580000, 0x0000000781c00000)
  object space 44544K, 99% used [0x000000077ca00000,0x000000077f57ffe0,0x000000077f580000)
}
Event: 9.869 GC heap before
{Heap before GC invocations=34 (full 11):
 PSYoungGen      total 268288K, used 0K [0x00000007d5e80000, 0x00000007e8100000, 0x0000000800000000)
  eden space 256512K, 0% used [0x00000007d5e80000,0x00000007d5e80000,0x00000007e5900000)
  from space 11776K, 0% used [0x00000007e6b00000,0x00000007e6b00000,0x00000007e7680000)
  to   space 18432K, 0% used [0x00000007e5900000,0x00000007e5900000,0x00000007e6b00000)
 ParOldGen       total 68096K, used 23621K [0x0000000781c00000, 0x0000000785e80000, 0x00000007d5e80000)
  object space 68096K, 34% used [0x0000000781c00000,0x0000000783311530,0x0000000785e80000)
 PSPermGen       total 44544K, used 44543K [0x000000077ca00000, 0x000000077f580000, 0x0000000781c00000)
  object space 44544K, 99% used [0x000000077ca00000,0x000000077f57ffe0,0x000000077f580000)
Event: 9.871 GC heap after
Heap after GC invocations=34 (full 11):
 PSYoungGen      total 274944K, used 0K [0x00000007d5e80000, 0x00000007e7f00000, 0x0000000800000000)
  eden space 256512K, 0% used [0x00000007d5e80000,0x00000007d5e80000,0x00000007e5900000)
  from space 18432K, 0% used [0x00000007e5900000,0x00000007e5900000,0x00000007e6b00000)
  to   space 17920K, 0% used [0x00000007e6d80000,0x00000007e6d80000,0x00000007e7f00000)
 ParOldGen       total 68096K, used 23621K [0x0000000781c00000, 0x0000000785e80000, 0x00000007d5e80000)
  object space 68096K, 34% used [0x0000000781c00000,0x0000000783311530,0x0000000785e80000)
 PSPermGen       total 44544K, used 44543K [0x000000077ca00000, 0x000000077f580000, 0x0000000781c00000)
  object space 44544K, 99% used [0x000000077ca00000,0x000000077f57ffe0,0x000000077f580000)
}
Event: 9.871 GC heap before
{Heap before GC invocations=35 (full 12):
 PSYoungGen      total 274944K, used 0K [0x00000007d5e80000, 0x00000007e7f00000, 0x0000000800000000)
  eden space 256512K, 0% used [0x00000007d5e80000,0x00000007d5e80000,0x00000007e5900000)
  from space 18432K, 0% used [0x00000007e5900000,0x00000007e5900000,0x00000007e6b00000)
  to   space 17920K, 0% used [0x00000007e6d80000,0x00000007e6d80000,0x00000007e7f00000)
 ParOldGen       total 68096K, used 23621K [0x0000000781c00000, 0x0000000785e80000, 0x00000007d5e80000)
  object space 68096K, 34% used [0x0000000781c00000,0x0000000783311530,0x0000000785e80000)
 PSPermGen       total 44544K, used 44543K [0x000000077ca00000, 0x000000077f580000, 0x0000000781c00000)
  object space 44544K, 99% used [0x000000077ca00000,0x000000077f57ffe0,0x000000077f580000)
Event: 9.952 GC heap after
Heap after GC invocations=35 (full 12):
 PSYoungGen      total 274944K, used 0K [0x00000007d5e80000, 0x00000007e7f00000, 0x0000000800000000)
  eden space 256512K, 0% used [0x00000007d5e80000,0x00000007d5e80000,0x00000007e5900000)
  from space 18432K, 0% used [0x00000007e5900000,0x00000007e5900000,0x00000007e6b00000)
  to   space 17920K, 0% used [0x00000007e6d80000,0x00000007e6d80000,0x00000007e7f00000)
 ParOldGen       total 68096K, used 23586K [0x0000000781c00000, 0x0000000785e80000, 0x00000007d5e80000)
  object space 68096K, 34% used [0x0000000781c00000,0x0000000783308838,0x0000000785e80000)
 PSPermGen       total 44544K, used 44543K [0x000000077ca00000, 0x000000077f580000, 0x0000000781c00000)
  object space 44544K, 99% used [0x000000077ca00000,0x000000077f57ffe0,0x000000077f580000)
}
Event: 11.222 GC heap before
{Heap before GC invocations=36 (full 12):
 PSYoungGen      total 274944K, used 53590K [0x00000007d5e80000, 0x00000007e7f00000, 0x0000000800000000)
  eden space 256512K, 20% used [0x00000007d5e80000,0x00000007d92d58b0,0x00000007e5900000)
  from space 18432K, 0% used [0x00000007e5900000,0x00000007e5900000,0x00000007e6b00000)
  to   space 17920K, 0% used [0x00000007e6d80000,0x00000007e6d80000,0x00000007e7f00000)
 ParOldGen       total 68096K, used 23586K [0x0000000781c00000, 0x0000000785e80000, 0x00000007d5e80000)
  object space 68096K, 34% used [0x0000000781c00000,0x0000000783308838,0x0000000785e80000)
 PSPermGen       total 45568K, used 45567K [0x000000077ca00000, 0x000000077f680000, 0x0000000781c00000)
  object space 45568K, 99% used [0x000000077ca00000,0x000000077f67ff38,0x000000077f680000)
Event: 11.227 GC heap after
Heap after GC invocations=36 (full 12):
 PSYoungGen      total 273408K, used 4559K [0x00000007d5e80000, 0x00000007e7c00000, 0x0000000800000000)
  eden space 258560K, 0% used [0x00000007d5e80000,0x00000007d5e80000,0x00000007e5b00000)
  from space 14848K, 30% used [0x00000007e6d80000,0x00000007e71f3e68,0x00000007e7c00000)
  to   space 16896K, 0% used [0x00000007e5b00000,0x00000007e5b00000,0x00000007e6b80000)
 ParOldGen       total 68096K, used 23586K [0x0000000781c00000, 0x0000000785e80000, 0x00000007d5e80000)
  object space 68096K, 34% used [0x0000000781c00000,0x0000000783308838,0x0000000785e80000)
 PSPermGen       total 45568K, used 45567K [0x000000077ca00000, 0x000000077f680000, 0x0000000781c00000)
  object space 45568K, 99% used [0x000000077ca00000,0x000000077f67ff38,0x000000077f680000)
}
Event: 11.227 GC heap before
{Heap before GC invocations=37 (full 13):
 PSYoungGen      total 273408K, used 4559K [0x00000007d5e80000, 0x00000007e7c00000, 0x0000000800000000)
  eden space 258560K, 0% used [0x00000007d5e80000,0x00000007d5e80000,0x00000007e5b00000)
  from space 14848K, 30% used [0x00000007e6d80000,0x00000007e71f3e68,0x00000007e7c00000)
  to   space 16896K, 0% used [0x00000007e5b00000,0x00000007e5b00000,0x00000007e6b80000)
 ParOldGen       total 68096K, used 23586K [0x0000000781c00000, 0x0000000785e80000, 0x00000007d5e80000)
  object space 68096K, 34% used [0x0000000781c00000,0x0000000783308838,0x0000000785e80000)
 PSPermGen       total 45568K, used 45567K [0x000000077ca00000, 0x000000077f680000, 0x0000000781c00000)
  object space 45568K, 99% used [0x000000077ca00000,0x000000077f67ff38,0x000000077f680000)
Event: 11.357 GC heap after
Heap after GC invocations=37 (full 13):
 PSYoungGen      total 273408K, used 0K [0x00000007d5e80000, 0x00000007e7c00000, 0x0000000800000000)
  eden space 258560K, 0% used [0x00000007d5e80000,0x00000007d5e80000,0x00000007e5b00000)
  from space 14848K, 0% used [0x00000007e6d80000,0x00000007e6d80000,0x00000007e7c00000)
  to   space 16896K, 0% used [0x00000007e5b00000,0x00000007e5b00000,0x00000007e6b80000)
 ParOldGen       total 68096K, used 27672K [0x0000000781c00000, 0x0000000785e80000, 0x00000007d5e80000)
  object space 68096K, 40% used [0x0000000781c00000,0x0000000783706138,0x0000000785e80000)
 PSPermGen       total 45568K, used 45566K [0x000000077ca00000, 0x000000077f680000, 0x0000000781c00000)
  object space 45568K, 99% used [0x000000077ca00000,0x000000077f67fb38,0x000000077f680000)
}

