# JRE version: Java(TM) SE Runtime Environment (7.0_71-b14) (build 1.7.0_71-b14)
# Java VM: Java HotSpot(TM) 64-Bit Server VM (24.71-b01 mixed mode windows-amd64 compressed oops)
Heap
 PSYoungGen      total 275456K, used 105283K [0x00000007d5e80000, 0x00000007e8180000, 0x0000000800000000)
  eden space 258048K, 34% used [0x00000007d5e80000,0x00000007db4523a8,0x00000007e5a80000)
  from space 17408K, 99% used [0x00000007e5a80000,0x00000007e6b7ea48,0x00000007e6b80000)
  to   space 12288K, 0% used [0x00000007e6b80000,0x00000007e6b80000,0x00000007e7780000)
 ParOldGen       total 86016K, used 25858K [0x0000000781c00000, 0x0000000787000000, 0x00000007d5e80000)
  object space 86016K, 30% used [0x0000000781c00000,0x0000000783540be0,0x0000000787000000)
 PSPermGen       total 36352K, used 36115K [0x000000077ca00000, 0x000000077ed80000, 0x0000000781c00000)
  object space 36352K, 99% used [0x000000077ca00000,0x000000077ed44d30,0x000000077ed80000)
GC Heap History (10 events):
Event: 1.663 GC heap before
{Heap before GC invocations=5 (full 0):
 PSYoungGen      total 71680K, used 71664K [0x00000007d5e80000, 0x00000007da980000, 0x0000000800000000)
  eden space 66560K, 100% used [0x00000007d5e80000,0x00000007d9f80000,0x00000007d9f80000)
  from space 5120K, 99% used [0x00000007da480000,0x00000007da97c0b8,0x00000007da980000)
  to   space 5120K, 0% used [0x00000007d9f80000,0x00000007d9f80000,0x00000007da480000)
 ParOldGen       total 86016K, used 1154K [0x0000000781c00000, 0x0000000787000000, 0x00000007d5e80000)
  object space 86016K, 1% used [0x0000000781c00000,0x0000000781d20bf0,0x0000000787000000)
 PSPermGen       total 21504K, used 20197K [0x000000077ca00000, 0x000000077df00000, 0x0000000781c00000)
  object space 21504K, 93% used [0x000000077ca00000,0x000000077ddb9538,0x000000077df00000)
Event: 1.670 GC heap after
Heap after GC invocations=5 (full 0):
 PSYoungGen      total 71680K, used 5088K [0x00000007d5e80000, 0x00000007def80000, 0x0000000800000000)
  eden space 66560K, 0% used [0x00000007d5e80000,0x00000007d5e80000,0x00000007d9f80000)
  from space 5120K, 99% used [0x00000007d9f80000,0x00000007da4782c8,0x00000007da480000)
  to   space 7680K, 0% used [0x00000007de800000,0x00000007de800000,0x00000007def80000)
 ParOldGen       total 86016K, used 3002K [0x0000000781c00000, 0x0000000787000000, 0x00000007d5e80000)
  object space 86016K, 3% used [0x0000000781c00000,0x0000000781eee908,0x0000000787000000)
 PSPermGen       total 21504K, used 20197K [0x000000077ca00000, 0x000000077df00000, 0x0000000781c00000)
  object space 21504K, 93% used [0x000000077ca00000,0x000000077ddb9538,0x000000077df00000)
}
Event: 2.041 GC heap before
{Heap before GC invocations=6 (full 0):
 PSYoungGen      total 71680K, used 71648K [0x00000007d5e80000, 0x00000007def80000, 0x0000000800000000)
  eden space 66560K, 100% used [0x00000007d5e80000,0x00000007d9f80000,0x00000007d9f80000)
  from space 5120K, 99% used [0x00000007d9f80000,0x00000007da4782c8,0x00000007da480000)
  to   space 7680K, 0% used [0x00000007de800000,0x00000007de800000,0x00000007def80000)
 ParOldGen       total 86016K, used 3002K [0x0000000781c00000, 0x0000000787000000, 0x00000007d5e80000)
  object space 86016K, 3% used [0x0000000781c00000,0x0000000781eee908,0x0000000787000000)
 PSPermGen       total 21504K, used 21408K [0x000000077ca00000, 0x000000077df00000, 0x0000000781c00000)
  object space 21504K, 99% used [0x000000077ca00000,0x000000077dee8370,0x000000077df00000)
Event: 2.057 GC heap after
Heap after GC invocations=6 (full 0):
 PSYoungGen      total 139264K, used 7668K [0x00000007d5e80000, 0x00000007df280000, 0x0000000800000000)
  eden space 131584K, 0% used [0x00000007d5e80000,0x00000007d5e80000,0x00000007ddf00000)
  from space 7680K, 99% used [0x00000007de800000,0x00000007def7d238,0x00000007def80000)
  to   space 9216K, 0% used [0x00000007ddf00000,0x00000007ddf00000,0x00000007de800000)
 ParOldGen       total 86016K, used 3948K [0x0000000781c00000, 0x0000000787000000, 0x00000007d5e80000)
  object space 86016K, 4% used [0x0000000781c00000,0x0000000781fdb1b8,0x0000000787000000)
 PSPermGen       total 21504K, used 21408K [0x000000077ca00000, 0x000000077df00000, 0x0000000781c00000)
  object space 21504K, 99% used [0x000000077ca00000,0x000000077dee8370,0x000000077df00000)
}
Event: 2.810 GC heap before
{Heap before GC invocations=7 (full 0):
 PSYoungGen      total 139264K, used 139252K [0x00000007d5e80000, 0x00000007df280000, 0x0000000800000000)
  eden space 131584K, 100% used [0x00000007d5e80000,0x00000007ddf00000,0x00000007ddf00000)
  from space 7680K, 99% used [0x00000007de800000,0x00000007def7d238,0x00000007def80000)
  to   space 9216K, 0% used [0x00000007ddf00000,0x00000007ddf00000,0x00000007de800000)
 ParOldGen       total 86016K, used 3948K [0x0000000781c00000, 0x0000000787000000, 0x00000007d5e80000)
  object space 86016K, 4% used [0x0000000781c00000,0x0000000781fdb1b8,0x0000000787000000)
 PSPermGen       total 25088K, used 24705K [0x000000077ca00000, 0x000000077e280000, 0x0000000781c00000)
  object space 25088K, 98% used [0x000000077ca00000,0x000000077e2205f0,0x000000077e280000)
Event: 2.819 GC heap after
Heap after GC invocations=7 (full 0):
 PSYoungGen      total 140800K, used 9190K [0x00000007d5e80000, 0x00000007e7780000, 0x0000000800000000)
  eden space 131584K, 0% used [0x00000007d5e80000,0x00000007d5e80000,0x00000007ddf00000)
  from space 9216K, 99% used [0x00000007ddf00000,0x00000007de7f9970,0x00000007de800000)
  to   space 12288K, 0% used [0x00000007e6b80000,0x00000007e6b80000,0x00000007e7780000)
 ParOldGen       total 86016K, used 7029K [0x0000000781c00000, 0x0000000787000000, 0x00000007d5e80000)
  object space 86016K, 8% used [0x0000000781c00000,0x00000007822dd430,0x0000000787000000)
 PSPermGen       total 25088K, used 24705K [0x000000077ca00000, 0x000000077e280000, 0x0000000781c00000)
  object space 25088K, 98% used [0x000000077ca00000,0x000000077e2205f0,0x000000077e280000)
}
Event: 3.646 GC heap before
{Heap before GC invocations=8 (full 0):
 PSYoungGen      total 140800K, used 140455K [0x00000007d5e80000, 0x00000007e7780000, 0x0000000800000000)
  eden space 131584K, 99% used [0x00000007d5e80000,0x00000007ddeb0610,0x00000007ddf00000)
  from space 9216K, 99% used [0x00000007ddf00000,0x00000007de7f9970,0x00000007de800000)
  to   space 12288K, 0% used [0x00000007e6b80000,0x00000007e6b80000,0x00000007e7780000)
 ParOldGen       total 86016K, used 7029K [0x0000000781c00000, 0x0000000787000000, 0x00000007d5e80000)
  object space 86016K, 8% used [0x0000000781c00000,0x00000007822dd430,0x0000000787000000)
 PSPermGen       total 31232K, used 31155K [0x000000077ca00000, 0x000000077e880000, 0x0000000781c00000)
  object space 31232K, 99% used [0x000000077ca00000,0x000000077e86cff8,0x000000077e880000)
Event: 3.657 GC heap after
Heap after GC invocations=8 (full 0):
 PSYoungGen      total 270336K, used 12265K [0x00000007d5e80000, 0x00000007e8180000, 0x0000000800000000)
  eden space 258048K, 0% used [0x00000007d5e80000,0x00000007d5e80000,0x00000007e5a80000)
  from space 12288K, 99% used [0x00000007e6b80000,0x00000007e777a7c0,0x00000007e7780000)
  to   space 17408K, 0% used [0x00000007e5a80000,0x00000007e5a80000,0x00000007e6b80000)
 ParOldGen       total 86016K, used 15684K [0x0000000781c00000, 0x0000000787000000, 0x00000007d5e80000)
  object space 86016K, 18% used [0x0000000781c00000,0x0000000782b511f0,0x0000000787000000)
 PSPermGen       total 31232K, used 31155K [0x000000077ca00000, 0x000000077e880000, 0x0000000781c00000)
  object space 31232K, 99% used [0x000000077ca00000,0x000000077e86cff8,0x000000077e880000)
}
Event: 4.974 GC heap before
{Heap before GC invocations=9 (full 0):
 PSYoungGen      total 270336K, used 270313K [0x00000007d5e80000, 0x00000007e8180000, 0x0000000800000000)
  eden space 258048K, 100% used [0x00000007d5e80000,0x00000007e5a80000,0x00000007e5a80000)
  from space 12288K, 99% used [0x00000007e6b80000,0x00000007e777a7c0,0x00000007e7780000)
  to   space 17408K, 0% used [0x00000007e5a80000,0x00000007e5a80000,0x00000007e6b80000)
 ParOldGen       total 86016K, used 15684K [0x0000000781c00000, 0x0000000787000000, 0x00000007d5e80000)
  object space 86016K, 18% used [0x0000000781c00000,0x0000000782b511f0,0x0000000787000000)
 PSPermGen       total 35328K, used 35247K [0x000000077ca00000, 0x000000077ec80000, 0x0000000781c00000)
  object space 35328K, 99% used [0x000000077ca00000,0x000000077ec6bce8,0x000000077ec80000)
Event: 4.993 GC heap after
Heap after GC invocations=9 (full 0):
 PSYoungGen      total 275456K, used 17402K [0x00000007d5e80000, 0x00000007e8180000, 0x0000000800000000)
  eden space 258048K, 0% used [0x00000007d5e80000,0x00000007d5e80000,0x00000007e5a80000)
  from space 17408K, 99% used [0x00000007e5a80000,0x00000007e6b7ea48,0x00000007e6b80000)
  to   space 12288K, 0% used [0x00000007e6b80000,0x00000007e6b80000,0x00000007e7780000)
 ParOldGen       total 86016K, used 25858K [0x0000000781c00000, 0x0000000787000000, 0x00000007d5e80000)
  object space 86016K, 30% used [0x0000000781c00000,0x0000000783540be0,0x0000000787000000)
 PSPermGen       total 35328K, used 35247K [0x000000077ca00000, 0x000000077ec80000, 0x0000000781c00000)
  object space 35328K, 99% used [0x000000077ca00000,0x000000077ec6bce8,0x000000077ec80000)
}

