# JRE version: Java(TM) SE Runtime Environment (7.0_71-b14) (build 1.7.0_71-b14)
# Java VM: Java HotSpot(TM) 64-Bit Server VM (24.71-b01 mixed mode windows-amd64 compressed oops)
Heap
 PSYoungGen      total 140800K, used 85709K [0x00000007d5e80000, 0x00000007e7780000, 0x0000000800000000)
  eden space 131584K, 58% used [0x00000007d5e80000,0x00000007da93ae48,0x00000007ddf00000)
  from space 9216K, 99% used [0x00000007ddf00000,0x00000007de7f8970,0x00000007de800000)
  to   space 12288K, 0% used [0x00000007e6b80000,0x00000007e6b80000,0x00000007e7780000)
 ParOldGen       total 86016K, used 6990K [0x0000000781c00000, 0x0000000787000000, 0x00000007d5e80000)
  object space 86016K, 8% used [0x0000000781c00000,0x00000007822d39d0,0x0000000787000000)
 PSPermGen       total 28672K, used 28405K [0x000000077ca00000, 0x000000077e600000, 0x0000000781c00000)
  object space 28672K, 99% used [0x000000077ca00000,0x000000077e5bd4e0,0x000000077e600000)
GC Heap History (10 events):
Event: 1.355 GC heap before
{Heap before GC invocations=3 (full 0):
 PSYoungGen      total 38400K, used 37562K [0x00000007d5e80000, 0x00000007d8900000, 0x0000000800000000)
  eden space 33280K, 100% used [0x00000007d5e80000,0x00000007d7f00000,0x00000007d7f00000)
  from space 5120K, 83% used [0x00000007d8400000,0x00000007d882ea68,0x00000007d8900000)
  to   space 5120K, 0% used [0x00000007d7f00000,0x00000007d7f00000,0x00000007d8400000)
 ParOldGen       total 86016K, used 16K [0x0000000781c00000, 0x0000000787000000, 0x00000007d5e80000)
  object space 86016K, 0% used [0x0000000781c00000,0x0000000781c04000,0x0000000787000000)
 PSPermGen       total 21504K, used 13374K [0x000000077ca00000, 0x000000077df00000, 0x0000000781c00000)
  object space 21504K, 62% used [0x000000077ca00000,0x000000077d70fa90,0x000000077df00000)
Event: 1.359 GC heap after
Heap after GC invocations=3 (full 0):
 PSYoungGen      total 38400K, used 5112K [0x00000007d5e80000, 0x00000007da980000, 0x0000000800000000)
  eden space 33280K, 0% used [0x00000007d5e80000,0x00000007d5e80000,0x00000007d7f00000)
  from space 5120K, 99% used [0x00000007d7f00000,0x00000007d83fe320,0x00000007d8400000)
  to   space 5120K, 0% used [0x00000007da480000,0x00000007da480000,0x00000007da980000)
 ParOldGen       total 86016K, used 581K [0x0000000781c00000, 0x0000000787000000, 0x00000007d5e80000)
  object space 86016K, 0% used [0x0000000781c00000,0x0000000781c91430,0x0000000787000000)
 PSPermGen       total 21504K, used 13374K [0x000000077ca00000, 0x000000077df00000, 0x0000000781c00000)
  object space 21504K, 62% used [0x000000077ca00000,0x000000077d70fa90,0x000000077df00000)
}
Event: 1.545 GC heap before
{Heap before GC invocations=4 (full 0):
 PSYoungGen      total 38400K, used 38392K [0x00000007d5e80000, 0x00000007da980000, 0x0000000800000000)
  eden space 33280K, 100% used [0x00000007d5e80000,0x00000007d7f00000,0x00000007d7f00000)
  from space 5120K, 99% used [0x00000007d7f00000,0x00000007d83fe320,0x00000007d8400000)
  to   space 5120K, 0% used [0x00000007da480000,0x00000007da480000,0x00000007da980000)
 ParOldGen       total 86016K, used 581K [0x0000000781c00000, 0x0000000787000000, 0x00000007d5e80000)
  object space 86016K, 0% used [0x0000000781c00000,0x0000000781c91430,0x0000000787000000)
 PSPermGen       total 21504K, used 17120K [0x000000077ca00000, 0x000000077df00000, 0x0000000781c00000)
  object space 21504K, 79% used [0x000000077ca00000,0x000000077dab83b0,0x000000077df00000)
Event: 1.552 GC heap after
Heap after GC invocations=4 (full 0):
 PSYoungGen      total 71680K, used 5112K [0x00000007d5e80000, 0x00000007da980000, 0x0000000800000000)
  eden space 66560K, 0% used [0x00000007d5e80000,0x00000007d5e80000,0x00000007d9f80000)
  from space 5120K, 99% used [0x00000007da480000,0x00000007da97e1d0,0x00000007da980000)
  to   space 5120K, 0% used [0x00000007d9f80000,0x00000007d9f80000,0x00000007da480000)
 ParOldGen       total 86016K, used 1121K [0x0000000781c00000, 0x0000000787000000, 0x00000007d5e80000)
  object space 86016K, 1% used [0x0000000781c00000,0x0000000781d18508,0x0000000787000000)
 PSPermGen       total 21504K, used 17120K [0x000000077ca00000, 0x000000077df00000, 0x0000000781c00000)
  object space 21504K, 79% used [0x000000077ca00000,0x000000077dab83b0,0x000000077df00000)
}
Event: 1.881 GC heap before
{Heap before GC invocations=5 (full 0):
 PSYoungGen      total 71680K, used 71672K [0x00000007d5e80000, 0x00000007da980000, 0x0000000800000000)
  eden space 66560K, 100% used [0x00000007d5e80000,0x00000007d9f80000,0x00000007d9f80000)
  from space 5120K, 99% used [0x00000007da480000,0x00000007da97e1d0,0x00000007da980000)
  to   space 5120K, 0% used [0x00000007d9f80000,0x00000007d9f80000,0x00000007da480000)
 ParOldGen       total 86016K, used 1121K [0x0000000781c00000, 0x0000000787000000, 0x00000007d5e80000)
  object space 86016K, 1% used [0x0000000781c00000,0x0000000781d18508,0x0000000787000000)
 PSPermGen       total 21504K, used 20192K [0x000000077ca00000, 0x000000077df00000, 0x0000000781c00000)
  object space 21504K, 93% used [0x000000077ca00000,0x000000077ddb8368,0x000000077df00000)
Event: 1.888 GC heap after
Heap after GC invocations=5 (full 0):
 PSYoungGen      total 71680K, used 5093K [0x00000007d5e80000, 0x00000007def80000, 0x0000000800000000)
  eden space 66560K, 0% used [0x00000007d5e80000,0x00000007d5e80000,0x00000007d9f80000)
  from space 5120K, 99% used [0x00000007d9f80000,0x00000007da4794c0,0x00000007da480000)
  to   space 7680K, 0% used [0x00000007de800000,0x00000007de800000,0x00000007def80000)
 ParOldGen       total 86016K, used 2994K [0x0000000781c00000, 0x0000000787000000, 0x00000007d5e80000)
  object space 86016K, 3% used [0x0000000781c00000,0x0000000781eecb38,0x0000000787000000)
 PSPermGen       total 21504K, used 20192K [0x000000077ca00000, 0x000000077df00000, 0x0000000781c00000)
  object space 21504K, 93% used [0x000000077ca00000,0x000000077ddb8368,0x000000077df00000)
}
Event: 2.261 GC heap before
{Heap before GC invocations=6 (full 0):
 PSYoungGen      total 71680K, used 71653K [0x00000007d5e80000, 0x00000007def80000, 0x0000000800000000)
  eden space 66560K, 100% used [0x00000007d5e80000,0x00000007d9f80000,0x00000007d9f80000)
  from space 5120K, 99% used [0x00000007d9f80000,0x00000007da4794c0,0x00000007da480000)
  to   space 7680K, 0% used [0x00000007de800000,0x00000007de800000,0x00000007def80000)
 ParOldGen       total 86016K, used 2994K [0x0000000781c00000, 0x0000000787000000, 0x00000007d5e80000)
  object space 86016K, 3% used [0x0000000781c00000,0x0000000781eecb38,0x0000000787000000)
 PSPermGen       total 21504K, used 21406K [0x000000077ca00000, 0x000000077df00000, 0x0000000781c00000)
  object space 21504K, 99% used [0x000000077ca00000,0x000000077dee7bb8,0x000000077df00000)
Event: 2.277 GC heap after
Heap after GC invocations=6 (full 0):
 PSYoungGen      total 139264K, used 7677K [0x00000007d5e80000, 0x00000007df280000, 0x0000000800000000)
  eden space 131584K, 0% used [0x00000007d5e80000,0x00000007d5e80000,0x00000007ddf00000)
  from space 7680K, 99% used [0x00000007de800000,0x00000007def7f7a0,0x00000007def80000)
  to   space 9216K, 0% used [0x00000007ddf00000,0x00000007ddf00000,0x00000007de800000)
 ParOldGen       total 86016K, used 3897K [0x0000000781c00000, 0x0000000787000000, 0x00000007d5e80000)
  object space 86016K, 4% used [0x0000000781c00000,0x0000000781fce550,0x0000000787000000)
 PSPermGen       total 21504K, used 21406K [0x000000077ca00000, 0x000000077df00000, 0x0000000781c00000)
  object space 21504K, 99% used [0x000000077ca00000,0x000000077dee7bb8,0x000000077df00000)
}
Event: 3.026 GC heap before
{Heap before GC invocations=7 (full 0):
 PSYoungGen      total 139264K, used 139261K [0x00000007d5e80000, 0x00000007df280000, 0x0000000800000000)
  eden space 131584K, 100% used [0x00000007d5e80000,0x00000007ddf00000,0x00000007ddf00000)
  from space 7680K, 99% used [0x00000007de800000,0x00000007def7f7a0,0x00000007def80000)
  to   space 9216K, 0% used [0x00000007ddf00000,0x00000007ddf00000,0x00000007de800000)
 ParOldGen       total 86016K, used 3897K [0x0000000781c00000, 0x0000000787000000, 0x00000007d5e80000)
  object space 86016K, 4% used [0x0000000781c00000,0x0000000781fce550,0x0000000787000000)
 PSPermGen       total 25088K, used 24705K [0x000000077ca00000, 0x000000077e280000, 0x0000000781c00000)
  object space 25088K, 98% used [0x000000077ca00000,0x000000077e220520,0x000000077e280000)
Event: 3.036 GC heap after
Heap after GC invocations=7 (full 0):
 PSYoungGen      total 140800K, used 9186K [0x00000007d5e80000, 0x00000007e7780000, 0x0000000800000000)
  eden space 131584K, 0% used [0x00000007d5e80000,0x00000007d5e80000,0x00000007ddf00000)
  from space 9216K, 99% used [0x00000007ddf00000,0x00000007de7f8970,0x00000007de800000)
  to   space 12288K, 0% used [0x00000007e6b80000,0x00000007e6b80000,0x00000007e7780000)
 ParOldGen       total 86016K, used 6990K [0x0000000781c00000, 0x0000000787000000, 0x00000007d5e80000)
  object space 86016K, 8% used [0x0000000781c00000,0x00000007822d39d0,0x0000000787000000)
 PSPermGen       total 25088K, used 24705K [0x000000077ca00000, 0x000000077e280000, 0x0000000781c00000)
  object space 25088K, 98% used [0x000000077ca00000,0x000000077e220520,0x000000077e280000)
}

