# JRE version: Java(TM) SE Runtime Environment (7.0_71-b14) (build 1.7.0_71-b14)
# Java VM: Java HotSpot(TM) 64-Bit Server VM (24.71-b01 mixed mode windows-amd64 compressed oops)
Heap
 PSYoungGen      total 141312K, used 52758K [0x00000007d5e80000, 0x00000007e7780000, 0x0000000800000000)
  eden space 132096K, 32% used [0x00000007d5e80000,0x00000007d890af68,0x00000007ddf80000)
  from space 9216K, 99% used [0x00000007ddf80000,0x00000007de87a8b0,0x00000007de880000)
  to   space 11776K, 0% used [0x00000007e6c00000,0x00000007e6c00000,0x00000007e7780000)
 ParOldGen       total 86016K, used 6625K [0x0000000781c00000, 0x0000000787000000, 0x00000007d5e80000)
  object space 86016K, 7% used [0x0000000781c00000,0x00000007822786c8,0x0000000787000000)
 PSPermGen       total 25600K, used 25141K [0x000000077ca00000, 0x000000077e300000, 0x0000000781c00000)
  object space 25600K, 98% used [0x000000077ca00000,0x000000077e28d758,0x000000077e300000)
GC Heap History (10 events):
Event: 4.014 GC heap before
{Heap before GC invocations=3 (full 0):
 PSYoungGen      total 38400K, used 37409K [0x00000007d5e80000, 0x00000007d8900000, 0x0000000800000000)
  eden space 33280K, 100% used [0x00000007d5e80000,0x00000007d7f00000,0x00000007d7f00000)
  from space 5120K, 80% used [0x00000007d8400000,0x00000007d88085d8,0x00000007d8900000)
  to   space 5120K, 0% used [0x00000007d7f00000,0x00000007d7f00000,0x00000007d8400000)
 ParOldGen       total 86016K, used 16K [0x0000000781c00000, 0x0000000787000000, 0x00000007d5e80000)
  object space 86016K, 0% used [0x0000000781c00000,0x0000000781c04000,0x0000000787000000)
 PSPermGen       total 21504K, used 12931K [0x000000077ca00000, 0x000000077df00000, 0x0000000781c00000)
  object space 21504K, 60% used [0x000000077ca00000,0x000000077d6a0f88,0x000000077df00000)
Event: 4.020 GC heap after
Heap after GC invocations=3 (full 0):
 PSYoungGen      total 38400K, used 5107K [0x00000007d5e80000, 0x00000007da980000, 0x0000000800000000)
  eden space 33280K, 0% used [0x00000007d5e80000,0x00000007d5e80000,0x00000007d7f00000)
  from space 5120K, 99% used [0x00000007d7f00000,0x00000007d83fcdb0,0x00000007d8400000)
  to   space 5120K, 0% used [0x00000007da480000,0x00000007da480000,0x00000007da980000)
 ParOldGen       total 86016K, used 606K [0x0000000781c00000, 0x0000000787000000, 0x00000007d5e80000)
  object space 86016K, 0% used [0x0000000781c00000,0x0000000781c97830,0x0000000787000000)
 PSPermGen       total 21504K, used 12931K [0x000000077ca00000, 0x000000077df00000, 0x0000000781c00000)
  object space 21504K, 60% used [0x000000077ca00000,0x000000077d6a0f88,0x000000077df00000)
}
Event: 4.220 GC heap before
{Heap before GC invocations=4 (full 0):
 PSYoungGen      total 38400K, used 38387K [0x00000007d5e80000, 0x00000007da980000, 0x0000000800000000)
  eden space 33280K, 100% used [0x00000007d5e80000,0x00000007d7f00000,0x00000007d7f00000)
  from space 5120K, 99% used [0x00000007d7f00000,0x00000007d83fcdb0,0x00000007d8400000)
  to   space 5120K, 0% used [0x00000007da480000,0x00000007da480000,0x00000007da980000)
 ParOldGen       total 86016K, used 606K [0x0000000781c00000, 0x0000000787000000, 0x00000007d5e80000)
  object space 86016K, 0% used [0x0000000781c00000,0x0000000781c97830,0x0000000787000000)
 PSPermGen       total 21504K, used 16191K [0x000000077ca00000, 0x000000077df00000, 0x0000000781c00000)
  object space 21504K, 75% used [0x000000077ca00000,0x000000077d9cff20,0x000000077df00000)
Event: 4.228 GC heap after
Heap after GC invocations=4 (full 0):
 PSYoungGen      total 71680K, used 5098K [0x00000007d5e80000, 0x00000007da980000, 0x0000000800000000)
  eden space 66560K, 0% used [0x00000007d5e80000,0x00000007d5e80000,0x00000007d9f80000)
  from space 5120K, 99% used [0x00000007da480000,0x00000007da97ab88,0x00000007da980000)
  to   space 5120K, 0% used [0x00000007d9f80000,0x00000007d9f80000,0x00000007da480000)
 ParOldGen       total 86016K, used 1216K [0x0000000781c00000, 0x0000000787000000, 0x00000007d5e80000)
  object space 86016K, 1% used [0x0000000781c00000,0x0000000781d303a8,0x0000000787000000)
 PSPermGen       total 21504K, used 16191K [0x000000077ca00000, 0x000000077df00000, 0x0000000781c00000)
  object space 21504K, 75% used [0x000000077ca00000,0x000000077d9cff20,0x000000077df00000)
}
Event: 4.598 GC heap before
{Heap before GC invocations=5 (full 0):
 PSYoungGen      total 71680K, used 71658K [0x00000007d5e80000, 0x00000007da980000, 0x0000000800000000)
  eden space 66560K, 100% used [0x00000007d5e80000,0x00000007d9f80000,0x00000007d9f80000)
  from space 5120K, 99% used [0x00000007da480000,0x00000007da97ab88,0x00000007da980000)
  to   space 5120K, 0% used [0x00000007d9f80000,0x00000007d9f80000,0x00000007da480000)
 ParOldGen       total 86016K, used 1216K [0x0000000781c00000, 0x0000000787000000, 0x00000007d5e80000)
  object space 86016K, 1% used [0x0000000781c00000,0x0000000781d303a8,0x0000000787000000)
 PSPermGen       total 21504K, used 20117K [0x000000077ca00000, 0x000000077df00000, 0x0000000781c00000)
  object space 21504K, 93% used [0x000000077ca00000,0x000000077dda5498,0x000000077df00000)
Event: 4.610 GC heap after
Heap after GC invocations=5 (full 0):
 PSYoungGen      total 71680K, used 5094K [0x00000007d5e80000, 0x00000007df080000, 0x0000000800000000)
  eden space 66560K, 0% used [0x00000007d5e80000,0x00000007d5e80000,0x00000007d9f80000)
  from space 5120K, 99% used [0x00000007d9f80000,0x00000007da479b00,0x00000007da480000)
  to   space 8192K, 0% used [0x00000007de880000,0x00000007de880000,0x00000007df080000)
 ParOldGen       total 86016K, used 3609K [0x0000000781c00000, 0x0000000787000000, 0x00000007d5e80000)
  object space 86016K, 4% used [0x0000000781c00000,0x0000000781f866b8,0x0000000787000000)
 PSPermGen       total 21504K, used 20117K [0x000000077ca00000, 0x000000077df00000, 0x0000000781c00000)
  object space 21504K, 93% used [0x000000077ca00000,0x000000077dda5498,0x000000077df00000)
}
Event: 5.196 GC heap before
{Heap before GC invocations=6 (full 0):
 PSYoungGen      total 71680K, used 71654K [0x00000007d5e80000, 0x00000007df080000, 0x0000000800000000)
  eden space 66560K, 100% used [0x00000007d5e80000,0x00000007d9f80000,0x00000007d9f80000)
  from space 5120K, 99% used [0x00000007d9f80000,0x00000007da479b00,0x00000007da480000)
  to   space 8192K, 0% used [0x00000007de880000,0x00000007de880000,0x00000007df080000)
 ParOldGen       total 86016K, used 3609K [0x0000000781c00000, 0x0000000787000000, 0x00000007d5e80000)
  object space 86016K, 4% used [0x0000000781c00000,0x0000000781f866b8,0x0000000787000000)
 PSPermGen       total 21504K, used 21231K [0x000000077ca00000, 0x000000077df00000, 0x0000000781c00000)
  object space 21504K, 98% used [0x000000077ca00000,0x000000077debbd20,0x000000077df00000)
Event: 5.206 GC heap after
Heap after GC invocations=6 (full 0):
 PSYoungGen      total 140288K, used 8046K [0x00000007d5e80000, 0x00000007df280000, 0x0000000800000000)
  eden space 132096K, 0% used [0x00000007d5e80000,0x00000007d5e80000,0x00000007ddf80000)
  from space 8192K, 98% used [0x00000007de880000,0x00000007df05b9e8,0x00000007df080000)
  to   space 9216K, 0% used [0x00000007ddf80000,0x00000007ddf80000,0x00000007de880000)
 ParOldGen       total 86016K, used 3609K [0x0000000781c00000, 0x0000000787000000, 0x00000007d5e80000)
  object space 86016K, 4% used [0x0000000781c00000,0x0000000781f866b8,0x0000000787000000)
 PSPermGen       total 21504K, used 21231K [0x000000077ca00000, 0x000000077df00000, 0x0000000781c00000)
  object space 21504K, 98% used [0x000000077ca00000,0x000000077debbd20,0x000000077df00000)
}
Event: 6.102 GC heap before
{Heap before GC invocations=7 (full 0):
 PSYoungGen      total 140288K, used 140142K [0x00000007d5e80000, 0x00000007df280000, 0x0000000800000000)
  eden space 132096K, 100% used [0x00000007d5e80000,0x00000007ddf80000,0x00000007ddf80000)
  from space 8192K, 98% used [0x00000007de880000,0x00000007df05b9e8,0x00000007df080000)
  to   space 9216K, 0% used [0x00000007ddf80000,0x00000007ddf80000,0x00000007de880000)
 ParOldGen       total 86016K, used 3609K [0x0000000781c00000, 0x0000000787000000, 0x00000007d5e80000)
  object space 86016K, 4% used [0x0000000781c00000,0x0000000781f866b8,0x0000000787000000)
 PSPermGen       total 24064K, used 23592K [0x000000077ca00000, 0x000000077e180000, 0x0000000781c00000)
  object space 24064K, 98% used [0x000000077ca00000,0x000000077e10a238,0x000000077e180000)
Event: 6.115 GC heap after
Heap after GC invocations=7 (full 0):
 PSYoungGen      total 141312K, used 9194K [0x00000007d5e80000, 0x00000007e7780000, 0x0000000800000000)
  eden space 132096K, 0% used [0x00000007d5e80000,0x00000007d5e80000,0x00000007ddf80000)
  from space 9216K, 99% used [0x00000007ddf80000,0x00000007de87a8b0,0x00000007de880000)
  to   space 11776K, 0% used [0x00000007e6c00000,0x00000007e6c00000,0x00000007e7780000)
 ParOldGen       total 86016K, used 6625K [0x0000000781c00000, 0x0000000787000000, 0x00000007d5e80000)
  object space 86016K, 7% used [0x0000000781c00000,0x00000007822786c8,0x0000000787000000)
 PSPermGen       total 24064K, used 23592K [0x000000077ca00000, 0x000000077e180000, 0x0000000781c00000)
  object space 24064K, 98% used [0x000000077ca00000,0x000000077e10a238,0x000000077e180000)
}

