# JRE version: Java(TM) SE Runtime Environment (7.0_71-b14) (build 1.7.0_71-b14)
# Java VM: Java HotSpot(TM) 64-Bit Server VM (24.71-b01 mixed mode windows-amd64 compressed oops)
Heap
 PSYoungGen      total 227840K, used 139983K [0x00000007d5e80000, 0x00000007e4f00000, 0x0000000800000000)
  eden space 211456K, 61% used [0x00000007d5e80000,0x00000007ddd9dd08,0x00000007e2d00000)
  from space 16384K, 59% used [0x00000007e3f00000,0x00000007e4895f48,0x00000007e4f00000)
  to   space 17408K, 0% used [0x00000007e2d00000,0x00000007e2d00000,0x00000007e3e00000)
 ParOldGen       total 86016K, used 28221K [0x0000000781c00000, 0x0000000787000000, 0x00000007d5e80000)
  object space 86016K, 32% used [0x0000000781c00000,0x000000078378f520,0x0000000787000000)
 PSPermGen       total 43008K, used 42694K [0x000000077ca00000, 0x000000077f400000, 0x0000000781c00000)
  object space 43008K, 99% used [0x000000077ca00000,0x000000077f3b1ab0,0x000000077f400000)
GC Heap History (10 events):
Event: 4.896 GC heap before
{Heap before GC invocations=6 (full 0):
 PSYoungGen      total 71680K, used 71669K [0x00000007d5e80000, 0x00000007df080000, 0x0000000800000000)
  eden space 66560K, 100% used [0x00000007d5e80000,0x00000007d9f80000,0x00000007d9f80000)
  from space 5120K, 99% used [0x00000007d9f80000,0x00000007da47d7b8,0x00000007da480000)
  to   space 8192K, 0% used [0x00000007de880000,0x00000007de880000,0x00000007df080000)
 ParOldGen       total 86016K, used 3696K [0x0000000781c00000, 0x0000000787000000, 0x00000007d5e80000)
  object space 86016K, 4% used [0x0000000781c00000,0x0000000781f9c1c8,0x0000000787000000)
 PSPermGen       total 21504K, used 21333K [0x000000077ca00000, 0x000000077df00000, 0x0000000781c00000)
  object space 21504K, 99% used [0x000000077ca00000,0x000000077ded5590,0x000000077df00000)
Event: 4.903 GC heap after
Heap after GC invocations=6 (full 0):
 PSYoungGen      total 140288K, used 8166K [0x00000007d5e80000, 0x00000007df280000, 0x0000000800000000)
  eden space 132096K, 0% used [0x00000007d5e80000,0x00000007d5e80000,0x00000007ddf80000)
  from space 8192K, 99% used [0x00000007de880000,0x00000007df079a40,0x00000007df080000)
  to   space 9216K, 0% used [0x00000007ddf80000,0x00000007ddf80000,0x00000007de880000)
 ParOldGen       total 86016K, used 3935K [0x0000000781c00000, 0x0000000787000000, 0x00000007d5e80000)
  object space 86016K, 4% used [0x0000000781c00000,0x0000000781fd7c78,0x0000000787000000)
 PSPermGen       total 21504K, used 21333K [0x000000077ca00000, 0x000000077df00000, 0x0000000781c00000)
  object space 21504K, 99% used [0x000000077ca00000,0x000000077ded5590,0x000000077df00000)
}
Event: 5.869 GC heap before
{Heap before GC invocations=7 (full 0):
 PSYoungGen      total 140288K, used 140262K [0x00000007d5e80000, 0x00000007df280000, 0x0000000800000000)
  eden space 132096K, 100% used [0x00000007d5e80000,0x00000007ddf80000,0x00000007ddf80000)
  from space 8192K, 99% used [0x00000007de880000,0x00000007df079a40,0x00000007df080000)
  to   space 9216K, 0% used [0x00000007ddf80000,0x00000007ddf80000,0x00000007de880000)
 ParOldGen       total 86016K, used 3935K [0x0000000781c00000, 0x0000000787000000, 0x00000007d5e80000)
  object space 86016K, 4% used [0x0000000781c00000,0x0000000781fd7c78,0x0000000787000000)
 PSPermGen       total 26112K, used 25627K [0x000000077ca00000, 0x000000077e380000, 0x0000000781c00000)
  object space 26112K, 98% used [0x000000077ca00000,0x000000077e306d30,0x000000077e380000)
Event: 5.880 GC heap after
Heap after GC invocations=7 (full 0):
 PSYoungGen      total 141312K, used 9201K [0x00000007d5e80000, 0x00000007df280000, 0x0000000800000000)
  eden space 132096K, 0% used [0x00000007d5e80000,0x00000007d5e80000,0x00000007ddf80000)
  from space 9216K, 99% used [0x00000007ddf80000,0x00000007de87c5d0,0x00000007de880000)
  to   space 8192K, 0% used [0x00000007de880000,0x00000007de880000,0x00000007df080000)
 ParOldGen       total 86016K, used 8148K [0x0000000781c00000, 0x0000000787000000, 0x00000007d5e80000)
  object space 86016K, 9% used [0x0000000781c00000,0x00000007823f52a0,0x0000000787000000)
 PSPermGen       total 26112K, used 25627K [0x000000077ca00000, 0x000000077e380000, 0x0000000781c00000)
  object space 26112K, 98% used [0x000000077ca00000,0x000000077e306d30,0x000000077e380000)
}
Event: 6.892 GC heap before
{Heap before GC invocations=8 (full 0):
 PSYoungGen      total 141312K, used 141297K [0x00000007d5e80000, 0x00000007df280000, 0x0000000800000000)
  eden space 132096K, 100% used [0x00000007d5e80000,0x00000007ddf80000,0x00000007ddf80000)
  from space 9216K, 99% used [0x00000007ddf80000,0x00000007de87c5d0,0x00000007de880000)
  to   space 8192K, 0% used [0x00000007de880000,0x00000007de880000,0x00000007df080000)
 ParOldGen       total 86016K, used 8148K [0x0000000781c00000, 0x0000000787000000, 0x00000007d5e80000)
  object space 86016K, 9% used [0x0000000781c00000,0x00000007823f52a0,0x0000000787000000)
 PSPermGen       total 30208K, used 29963K [0x000000077ca00000, 0x000000077e780000, 0x0000000781c00000)
  object space 30208K, 99% used [0x000000077ca00000,0x000000077e742ca8,0x000000077e780000)
Event: 6.919 GC heap after
Heap after GC invocations=8 (full 0):
 PSYoungGen      total 140288K, used 8160K [0x00000007d5e80000, 0x00000007df280000, 0x0000000800000000)
  eden space 132096K, 0% used [0x00000007d5e80000,0x00000007d5e80000,0x00000007ddf80000)
  from space 8192K, 99% used [0x00000007de880000,0x00000007df078020,0x00000007df080000)
  to   space 9216K, 0% used [0x00000007ddf80000,0x00000007ddf80000,0x00000007de880000)
 ParOldGen       total 86016K, used 18115K [0x0000000781c00000, 0x0000000787000000, 0x00000007d5e80000)
  object space 86016K, 21% used [0x0000000781c00000,0x0000000782db0d30,0x0000000787000000)
 PSPermGen       total 30208K, used 29963K [0x000000077ca00000, 0x000000077e780000, 0x0000000781c00000)
  object space 30208K, 99% used [0x000000077ca00000,0x000000077e742ca8,0x000000077e780000)
}
Event: 7.807 GC heap before
{Heap before GC invocations=9 (full 0):
 PSYoungGen      total 140288K, used 140256K [0x00000007d5e80000, 0x00000007df280000, 0x0000000800000000)
  eden space 132096K, 100% used [0x00000007d5e80000,0x00000007ddf80000,0x00000007ddf80000)
  from space 8192K, 99% used [0x00000007de880000,0x00000007df078020,0x00000007df080000)
  to   space 9216K, 0% used [0x00000007ddf80000,0x00000007ddf80000,0x00000007de880000)
 ParOldGen       total 86016K, used 18115K [0x0000000781c00000, 0x0000000787000000, 0x00000007d5e80000)
  object space 86016K, 21% used [0x0000000781c00000,0x0000000782db0d30,0x0000000787000000)
 PSPermGen       total 32768K, used 32387K [0x000000077ca00000, 0x000000077ea00000, 0x0000000781c00000)
  object space 32768K, 98% used [0x000000077ca00000,0x000000077e9a0d68,0x000000077ea00000)
Event: 7.819 GC heap after
Heap after GC invocations=9 (full 0):
 PSYoungGen      total 141312K, used 9188K [0x00000007d5e80000, 0x00000007e5100000, 0x0000000800000000)
  eden space 132096K, 0% used [0x00000007d5e80000,0x00000007d5e80000,0x00000007ddf80000)
  from space 9216K, 99% used [0x00000007ddf80000,0x00000007de879020,0x00000007de880000)
  to   space 18432K, 0% used [0x00000007e3f00000,0x00000007e3f00000,0x00000007e5100000)
 ParOldGen       total 86016K, used 22830K [0x0000000781c00000, 0x0000000787000000, 0x00000007d5e80000)
  object space 86016K, 26% used [0x0000000781c00000,0x000000078324b960,0x0000000787000000)
 PSPermGen       total 32768K, used 32387K [0x000000077ca00000, 0x000000077ea00000, 0x0000000781c00000)
  object space 32768K, 98% used [0x000000077ca00000,0x000000077e9a0d68,0x000000077ea00000)
}
Event: 8.852 GC heap before
{Heap before GC invocations=10 (full 0):
 PSYoungGen      total 141312K, used 141284K [0x00000007d5e80000, 0x00000007e5100000, 0x0000000800000000)
  eden space 132096K, 100% used [0x00000007d5e80000,0x00000007ddf80000,0x00000007ddf80000)
  from space 9216K, 99% used [0x00000007ddf80000,0x00000007de879020,0x00000007de880000)
  to   space 18432K, 0% used [0x00000007e3f00000,0x00000007e3f00000,0x00000007e5100000)
 ParOldGen       total 86016K, used 22830K [0x0000000781c00000, 0x0000000787000000, 0x00000007d5e80000)
  object space 86016K, 26% used [0x0000000781c00000,0x000000078324b960,0x0000000787000000)
 PSPermGen       total 35328K, used 35227K [0x000000077ca00000, 0x000000077ec80000, 0x0000000781c00000)
  object space 35328K, 99% used [0x000000077ca00000,0x000000077ec66fa0,0x000000077ec80000)
Event: 8.866 GC heap after
Heap after GC invocations=10 (full 0):
 PSYoungGen      total 227840K, used 9815K [0x00000007d5e80000, 0x00000007e4f00000, 0x0000000800000000)
  eden space 211456K, 0% used [0x00000007d5e80000,0x00000007d5e80000,0x00000007e2d00000)
  from space 16384K, 59% used [0x00000007e3f00000,0x00000007e4895f48,0x00000007e4f00000)
  to   space 17408K, 0% used [0x00000007e2d00000,0x00000007e2d00000,0x00000007e3e00000)
 ParOldGen       total 86016K, used 28221K [0x0000000781c00000, 0x0000000787000000, 0x00000007d5e80000)
  object space 86016K, 32% used [0x0000000781c00000,0x000000078378f520,0x0000000787000000)
 PSPermGen       total 35328K, used 35227K [0x000000077ca00000, 0x000000077ec80000, 0x0000000781c00000)
  object space 35328K, 99% used [0x000000077ca00000,0x000000077ec66fa0,0x000000077ec80000)
}

