# JRE version: Java(TM) SE Runtime Environment (7.0_71-b14) (build 1.7.0_71-b14)
# Java VM: Java HotSpot(TM) 64-Bit Server VM (24.71-b01 mixed mode windows-amd64 compressed oops)
Heap
 PSYoungGen      total 141312K, used 5706K [0x00000007d5e80000, 0x00000007df280000, 0x0000000800000000)
  eden space 132096K, 0% used [0x00000007d5e80000,0x00000007d5e80000,0x00000007ddf80000)
  from space 9216K, 61% used [0x00000007ddf80000,0x00000007de512810,0x00000007de880000)
  to   space 8192K, 0% used [0x00000007de880000,0x00000007de880000,0x00000007df080000)
 ParOldGen       total 86016K, used 13990K [0x0000000781c00000, 0x0000000787000000, 0x00000007d5e80000)
  object space 86016K, 16% used [0x0000000781c00000,0x00000007829a98e0,0x0000000787000000)
 PSPermGen       total 28160K, used 28159K [0x000000077ca00000, 0x000000077e580000, 0x0000000781c00000)
  object space 28160K, 99% used [0x000000077ca00000,0x000000077e57ffa0,0x000000077e580000)
GC Heap History (10 events):
Event: 4.229 GC heap before
{Heap before GC invocations=4 (full 0):
 PSYoungGen      total 38400K, used 38378K [0x00000007d5e80000, 0x00000007da980000, 0x0000000800000000)
  eden space 33280K, 100% used [0x00000007d5e80000,0x00000007d7f00000,0x00000007d7f00000)
  from space 5120K, 99% used [0x00000007d7f00000,0x00000007d83faa60,0x00000007d8400000)
  to   space 5120K, 0% used [0x00000007da480000,0x00000007da480000,0x00000007da980000)
 ParOldGen       total 86016K, used 635K [0x0000000781c00000, 0x0000000787000000, 0x00000007d5e80000)
  object space 86016K, 0% used [0x0000000781c00000,0x0000000781c9ee68,0x0000000787000000)
 PSPermGen       total 21504K, used 16201K [0x000000077ca00000, 0x000000077df00000, 0x0000000781c00000)
  object space 21504K, 75% used [0x000000077ca00000,0x000000077d9d25a8,0x000000077df00000)
Event: 4.235 GC heap after
Heap after GC invocations=4 (full 0):
 PSYoungGen      total 71680K, used 5101K [0x00000007d5e80000, 0x00000007da980000, 0x0000000800000000)
  eden space 66560K, 0% used [0x00000007d5e80000,0x00000007d5e80000,0x00000007d9f80000)
  from space 5120K, 99% used [0x00000007da480000,0x00000007da97b508,0x00000007da980000)
  to   space 5120K, 0% used [0x00000007d9f80000,0x00000007d9f80000,0x00000007da480000)
 ParOldGen       total 86016K, used 1301K [0x0000000781c00000, 0x0000000787000000, 0x00000007d5e80000)
  object space 86016K, 1% used [0x0000000781c00000,0x0000000781d45758,0x0000000787000000)
 PSPermGen       total 21504K, used 16201K [0x000000077ca00000, 0x000000077df00000, 0x0000000781c00000)
  object space 21504K, 75% used [0x000000077ca00000,0x000000077d9d25a8,0x000000077df00000)
}
Event: 4.568 GC heap before
{Heap before GC invocations=5 (full 0):
 PSYoungGen      total 71680K, used 71661K [0x00000007d5e80000, 0x00000007da980000, 0x0000000800000000)
  eden space 66560K, 100% used [0x00000007d5e80000,0x00000007d9f80000,0x00000007d9f80000)
  from space 5120K, 99% used [0x00000007da480000,0x00000007da97b508,0x00000007da980000)
  to   space 5120K, 0% used [0x00000007d9f80000,0x00000007d9f80000,0x00000007da480000)
 ParOldGen       total 86016K, used 1301K [0x0000000781c00000, 0x0000000787000000, 0x00000007d5e80000)
  object space 86016K, 1% used [0x0000000781c00000,0x0000000781d45758,0x0000000787000000)
 PSPermGen       total 21504K, used 20117K [0x000000077ca00000, 0x000000077df00000, 0x0000000781c00000)
  object space 21504K, 93% used [0x000000077ca00000,0x000000077dda56a8,0x000000077df00000)
Event: 4.575 GC heap after
Heap after GC invocations=5 (full 0):
 PSYoungGen      total 71680K, used 5094K [0x00000007d5e80000, 0x00000007df080000, 0x0000000800000000)
  eden space 66560K, 0% used [0x00000007d5e80000,0x00000007d5e80000,0x00000007d9f80000)
  from space 5120K, 99% used [0x00000007d9f80000,0x00000007da479ae0,0x00000007da480000)
  to   space 8192K, 0% used [0x00000007de880000,0x00000007de880000,0x00000007df080000)
 ParOldGen       total 86016K, used 3685K [0x0000000781c00000, 0x0000000787000000, 0x00000007d5e80000)
  object space 86016K, 4% used [0x0000000781c00000,0x0000000781f99468,0x0000000787000000)
 PSPermGen       total 21504K, used 20117K [0x000000077ca00000, 0x000000077df00000, 0x0000000781c00000)
  object space 21504K, 93% used [0x000000077ca00000,0x000000077dda56a8,0x000000077df00000)
}
Event: 5.153 GC heap before
{Heap before GC invocations=6 (full 0):
 PSYoungGen      total 71680K, used 71654K [0x00000007d5e80000, 0x00000007df080000, 0x0000000800000000)
  eden space 66560K, 100% used [0x00000007d5e80000,0x00000007d9f80000,0x00000007d9f80000)
  from space 5120K, 99% used [0x00000007d9f80000,0x00000007da479ae0,0x00000007da480000)
  to   space 8192K, 0% used [0x00000007de880000,0x00000007de880000,0x00000007df080000)
 ParOldGen       total 86016K, used 3685K [0x0000000781c00000, 0x0000000787000000, 0x00000007d5e80000)
  object space 86016K, 4% used [0x0000000781c00000,0x0000000781f99468,0x0000000787000000)
 PSPermGen       total 21504K, used 21233K [0x000000077ca00000, 0x000000077df00000, 0x0000000781c00000)
  object space 21504K, 98% used [0x000000077ca00000,0x000000077debc588,0x000000077df00000)
Event: 5.160 GC heap after
Heap after GC invocations=6 (full 0):
 PSYoungGen      total 140288K, used 8132K [0x00000007d5e80000, 0x00000007df280000, 0x0000000800000000)
  eden space 132096K, 0% used [0x00000007d5e80000,0x00000007d5e80000,0x00000007ddf80000)
  from space 8192K, 99% used [0x00000007de880000,0x00000007df071308,0x00000007df080000)
  to   space 9216K, 0% used [0x00000007ddf80000,0x00000007ddf80000,0x00000007de880000)
 ParOldGen       total 86016K, used 3685K [0x0000000781c00000, 0x0000000787000000, 0x00000007d5e80000)
  object space 86016K, 4% used [0x0000000781c00000,0x0000000781f99468,0x0000000787000000)
 PSPermGen       total 21504K, used 21233K [0x000000077ca00000, 0x000000077df00000, 0x0000000781c00000)
  object space 21504K, 98% used [0x000000077ca00000,0x000000077debc588,0x000000077df00000)
}
Event: 5.898 GC heap before
{Heap before GC invocations=7 (full 0):
 PSYoungGen      total 140288K, used 140228K [0x00000007d5e80000, 0x00000007df280000, 0x0000000800000000)
  eden space 132096K, 100% used [0x00000007d5e80000,0x00000007ddf80000,0x00000007ddf80000)
  from space 8192K, 99% used [0x00000007de880000,0x00000007df071308,0x00000007df080000)
  to   space 9216K, 0% used [0x00000007ddf80000,0x00000007ddf80000,0x00000007de880000)
 ParOldGen       total 86016K, used 3685K [0x0000000781c00000, 0x0000000787000000, 0x00000007d5e80000)
  object space 86016K, 4% used [0x0000000781c00000,0x0000000781f99468,0x0000000787000000)
 PSPermGen       total 24064K, used 23603K [0x000000077ca00000, 0x000000077e180000, 0x0000000781c00000)
  object space 24064K, 98% used [0x000000077ca00000,0x000000077e10cec8,0x000000077e180000)
Event: 5.907 GC heap after
Heap after GC invocations=7 (full 0):
 PSYoungGen      total 141312K, used 9197K [0x00000007d5e80000, 0x00000007df280000, 0x0000000800000000)
  eden space 132096K, 0% used [0x00000007d5e80000,0x00000007d5e80000,0x00000007ddf80000)
  from space 9216K, 99% used [0x00000007ddf80000,0x00000007de87b4e0,0x00000007de880000)
  to   space 8192K, 0% used [0x00000007de880000,0x00000007de880000,0x00000007df080000)
 ParOldGen       total 86016K, used 6693K [0x0000000781c00000, 0x0000000787000000, 0x00000007d5e80000)
  object space 86016K, 7% used [0x0000000781c00000,0x0000000782289558,0x0000000787000000)
 PSPermGen       total 24064K, used 23603K [0x000000077ca00000, 0x000000077e180000, 0x0000000781c00000)
  object space 24064K, 98% used [0x000000077ca00000,0x000000077e10cec8,0x000000077e180000)
}
Event: 6.901 GC heap before
{Heap before GC invocations=8 (full 0):
 PSYoungGen      total 141312K, used 141293K [0x00000007d5e80000, 0x00000007df280000, 0x0000000800000000)
  eden space 132096K, 100% used [0x00000007d5e80000,0x00000007ddf80000,0x00000007ddf80000)
  from space 9216K, 99% used [0x00000007ddf80000,0x00000007de87b4e0,0x00000007de880000)
  to   space 8192K, 0% used [0x00000007de880000,0x00000007de880000,0x00000007df080000)
 ParOldGen       total 86016K, used 6693K [0x0000000781c00000, 0x0000000787000000, 0x00000007d5e80000)
  object space 86016K, 7% used [0x0000000781c00000,0x0000000782289558,0x0000000787000000)
 PSPermGen       total 28160K, used 28081K [0x000000077ca00000, 0x000000077e580000, 0x0000000781c00000)
  object space 28160K, 99% used [0x000000077ca00000,0x000000077e56c670,0x000000077e580000)
Event: 6.911 GC heap after
Heap after GC invocations=8 (full 0):
 PSYoungGen      total 140288K, used 8180K [0x00000007d5e80000, 0x00000007df280000, 0x0000000800000000)
  eden space 132096K, 0% used [0x00000007d5e80000,0x00000007d5e80000,0x00000007ddf80000)
  from space 8192K, 99% used [0x00000007de880000,0x00000007df07d010,0x00000007df080000)
  to   space 9216K, 0% used [0x00000007ddf80000,0x00000007ddf80000,0x00000007de880000)
 ParOldGen       total 86016K, used 11282K [0x0000000781c00000, 0x0000000787000000, 0x00000007d5e80000)
  object space 86016K, 13% used [0x0000000781c00000,0x0000000782704858,0x0000000787000000)
 PSPermGen       total 28160K, used 28081K [0x000000077ca00000, 0x000000077e580000, 0x0000000781c00000)
  object space 28160K, 99% used [0x000000077ca00000,0x000000077e56c670,0x000000077e580000)
}

