# JRE version: Java(TM) SE Runtime Environment (7.0_71-b14) (build 1.7.0_71-b14)
# Java VM: Java HotSpot(TM) 64-Bit Server VM (24.71-b01 mixed mode windows-amd64 compressed oops)
Heap
 PSYoungGen      total 71680K, used 14362K [0x00000007d5e80000, 0x00000007da980000, 0x0000000800000000)
  eden space 66560K, 14% used [0x00000007d5e80000,0x00000007d6809a00,0x00000007d9f80000)
  from space 5120K, 89% used [0x00000007da480000,0x00000007da8fd1a0,0x00000007da980000)
  to   space 5120K, 0% used [0x00000007d9f80000,0x00000007d9f80000,0x00000007da480000)
 ParOldGen       total 86016K, used 41703K [0x0000000781c00000, 0x0000000787000000, 0x00000007d5e80000)
  object space 86016K, 48% used [0x0000000781c00000,0x00000007844b9eb0,0x0000000787000000)
 PSPermGen       total 46080K, used 45847K [0x000000077ca00000, 0x000000077f700000, 0x0000000781c00000)
  object space 46080K, 99% used [0x000000077ca00000,0x000000077f6c5c18,0x000000077f700000)
GC Heap History (10 events):
Event: 6.608 GC heap before
{Heap before GC invocations=12 (full 0):
 PSYoungGen      total 71680K, used 70245K [0x00000007d5e80000, 0x00000007da980000, 0x0000000800000000)
  eden space 66560K, 100% used [0x00000007d5e80000,0x00000007d9f80000,0x00000007d9f80000)
  from space 5120K, 71% used [0x00000007d9f80000,0x00000007da3197f8,0x00000007da480000)
  to   space 5120K, 0% used [0x00000007da480000,0x00000007da480000,0x00000007da980000)
 ParOldGen       total 86016K, used 30403K [0x0000000781c00000, 0x0000000787000000, 0x00000007d5e80000)
  object space 86016K, 35% used [0x0000000781c00000,0x00000007839b0d98,0x0000000787000000)
 PSPermGen       total 36352K, used 36105K [0x000000077ca00000, 0x000000077ed80000, 0x0000000781c00000)
  object space 36352K, 99% used [0x000000077ca00000,0x000000077ed425b8,0x000000077ed80000)
Event: 6.614 GC heap after
Heap after GC invocations=12 (full 0):
 PSYoungGen      total 71680K, used 2905K [0x00000007d5e80000, 0x00000007da980000, 0x0000000800000000)
  eden space 66560K, 0% used [0x00000007d5e80000,0x00000007d5e80000,0x00000007d9f80000)
  from space 5120K, 56% used [0x00000007da480000,0x00000007da7565b8,0x00000007da980000)
  to   space 5120K, 0% used [0x00000007d9f80000,0x00000007d9f80000,0x00000007da480000)
 ParOldGen       total 86016K, used 33035K [0x0000000781c00000, 0x0000000787000000, 0x00000007d5e80000)
  object space 86016K, 38% used [0x0000000781c00000,0x0000000783c42d98,0x0000000787000000)
 PSPermGen       total 36352K, used 36105K [0x000000077ca00000, 0x000000077ed80000, 0x0000000781c00000)
  object space 36352K, 99% used [0x000000077ca00000,0x000000077ed425b8,0x000000077ed80000)
}
Event: 6.983 GC heap before
{Heap before GC invocations=13 (full 0):
 PSYoungGen      total 71680K, used 69465K [0x00000007d5e80000, 0x00000007da980000, 0x0000000800000000)
  eden space 66560K, 100% used [0x00000007d5e80000,0x00000007d9f80000,0x00000007d9f80000)
  from space 5120K, 56% used [0x00000007da480000,0x00000007da7565b8,0x00000007da980000)
  to   space 5120K, 0% used [0x00000007d9f80000,0x00000007d9f80000,0x00000007da480000)
 ParOldGen       total 86016K, used 33035K [0x0000000781c00000, 0x0000000787000000, 0x00000007d5e80000)
  object space 86016K, 38% used [0x0000000781c00000,0x0000000783c42d98,0x0000000787000000)
 PSPermGen       total 37376K, used 37056K [0x000000077ca00000, 0x000000077ee80000, 0x0000000781c00000)
  object space 37376K, 99% used [0x000000077ca00000,0x000000077ee303d8,0x000000077ee80000)
Event: 6.988 GC heap after
Heap after GC invocations=13 (full 0):
 PSYoungGen      total 71680K, used 2528K [0x00000007d5e80000, 0x00000007da980000, 0x0000000800000000)
  eden space 66560K, 0% used [0x00000007d5e80000,0x00000007d5e80000,0x00000007d9f80000)
  from space 5120K, 49% used [0x00000007d9f80000,0x00000007da1f8000,0x00000007da480000)
  to   space 5120K, 0% used [0x00000007da480000,0x00000007da480000,0x00000007da980000)
 ParOldGen       total 86016K, used 34739K [0x0000000781c00000, 0x0000000787000000, 0x00000007d5e80000)
  object space 86016K, 40% used [0x0000000781c00000,0x0000000783decd98,0x0000000787000000)
 PSPermGen       total 37376K, used 37056K [0x000000077ca00000, 0x000000077ee80000, 0x0000000781c00000)
  object space 37376K, 99% used [0x000000077ca00000,0x000000077ee303d8,0x000000077ee80000)
}
Event: 7.421 GC heap before
{Heap before GC invocations=14 (full 0):
 PSYoungGen      total 71680K, used 69088K [0x00000007d5e80000, 0x00000007da980000, 0x0000000800000000)
  eden space 66560K, 100% used [0x00000007d5e80000,0x00000007d9f80000,0x00000007d9f80000)
  from space 5120K, 49% used [0x00000007d9f80000,0x00000007da1f8000,0x00000007da480000)
  to   space 5120K, 0% used [0x00000007da480000,0x00000007da480000,0x00000007da980000)
 ParOldGen       total 86016K, used 34739K [0x0000000781c00000, 0x0000000787000000, 0x00000007d5e80000)
  object space 86016K, 40% used [0x0000000781c00000,0x0000000783decd98,0x0000000787000000)
 PSPermGen       total 38400K, used 37897K [0x000000077ca00000, 0x000000077ef80000, 0x0000000781c00000)
  object space 38400K, 98% used [0x000000077ca00000,0x000000077ef02668,0x000000077ef80000)
Event: 7.425 GC heap after
Heap after GC invocations=14 (full 0):
 PSYoungGen      total 71680K, used 2528K [0x00000007d5e80000, 0x00000007da980000, 0x0000000800000000)
  eden space 66560K, 0% used [0x00000007d5e80000,0x00000007d5e80000,0x00000007d9f80000)
  from space 5120K, 49% used [0x00000007da480000,0x00000007da6f8000,0x00000007da980000)
  to   space 5120K, 0% used [0x00000007d9f80000,0x00000007d9f80000,0x00000007da480000)
 ParOldGen       total 86016K, used 36523K [0x0000000781c00000, 0x0000000787000000, 0x00000007d5e80000)
  object space 86016K, 42% used [0x0000000781c00000,0x0000000783faad98,0x0000000787000000)
 PSPermGen       total 38400K, used 37897K [0x000000077ca00000, 0x000000077ef80000, 0x0000000781c00000)
  object space 38400K, 98% used [0x000000077ca00000,0x000000077ef02668,0x000000077ef80000)
}
Event: 7.892 GC heap before
{Heap before GC invocations=15 (full 0):
 PSYoungGen      total 71680K, used 69088K [0x00000007d5e80000, 0x00000007da980000, 0x0000000800000000)
  eden space 66560K, 100% used [0x00000007d5e80000,0x00000007d9f80000,0x00000007d9f80000)
  from space 5120K, 49% used [0x00000007da480000,0x00000007da6f8000,0x00000007da980000)
  to   space 5120K, 0% used [0x00000007d9f80000,0x00000007d9f80000,0x00000007da480000)
 ParOldGen       total 86016K, used 36523K [0x0000000781c00000, 0x0000000787000000, 0x00000007d5e80000)
  object space 86016K, 42% used [0x0000000781c00000,0x0000000783faad98,0x0000000787000000)
 PSPermGen       total 41472K, used 41281K [0x000000077ca00000, 0x000000077f280000, 0x0000000781c00000)
  object space 41472K, 99% used [0x000000077ca00000,0x000000077f250600,0x000000077f280000)
Event: 7.897 GC heap after
Heap after GC invocations=15 (full 0):
 PSYoungGen      total 71680K, used 4934K [0x00000007d5e80000, 0x00000007da980000, 0x0000000800000000)
  eden space 66560K, 0% used [0x00000007d5e80000,0x00000007d5e80000,0x00000007d9f80000)
  from space 5120K, 96% used [0x00000007d9f80000,0x00000007da4519c8,0x00000007da480000)
  to   space 5120K, 0% used [0x00000007da480000,0x00000007da480000,0x00000007da980000)
 ParOldGen       total 86016K, used 38447K [0x0000000781c00000, 0x0000000787000000, 0x00000007d5e80000)
  object space 86016K, 44% used [0x0000000781c00000,0x000000078418bdc8,0x0000000787000000)
 PSPermGen       total 41472K, used 41281K [0x000000077ca00000, 0x000000077f280000, 0x0000000781c00000)
  object space 41472K, 99% used [0x000000077ca00000,0x000000077f250600,0x000000077f280000)
}
Event: 8.386 GC heap before
{Heap before GC invocations=16 (full 0):
 PSYoungGen      total 71680K, used 71494K [0x00000007d5e80000, 0x00000007da980000, 0x0000000800000000)
  eden space 66560K, 100% used [0x00000007d5e80000,0x00000007d9f80000,0x00000007d9f80000)
  from space 5120K, 96% used [0x00000007d9f80000,0x00000007da4519c8,0x00000007da480000)
  to   space 5120K, 0% used [0x00000007da480000,0x00000007da480000,0x00000007da980000)
 ParOldGen       total 86016K, used 38447K [0x0000000781c00000, 0x0000000787000000, 0x00000007d5e80000)
  object space 86016K, 44% used [0x0000000781c00000,0x000000078418bdc8,0x0000000787000000)
 PSPermGen       total 45568K, used 45240K [0x000000077ca00000, 0x000000077f680000, 0x0000000781c00000)
  object space 45568K, 99% used [0x000000077ca00000,0x000000077f62e170,0x000000077f680000)
Event: 8.394 GC heap after
Heap after GC invocations=16 (full 0):
 PSYoungGen      total 71680K, used 4596K [0x00000007d5e80000, 0x00000007da980000, 0x0000000800000000)
  eden space 66560K, 0% used [0x00000007d5e80000,0x00000007d5e80000,0x00000007d9f80000)
  from space 5120K, 89% used [0x00000007da480000,0x00000007da8fd1a0,0x00000007da980000)
  to   space 5120K, 0% used [0x00000007d9f80000,0x00000007d9f80000,0x00000007da480000)
 ParOldGen       total 86016K, used 41703K [0x0000000781c00000, 0x0000000787000000, 0x00000007d5e80000)
  object space 86016K, 48% used [0x0000000781c00000,0x00000007844b9eb0,0x0000000787000000)
 PSPermGen       total 45568K, used 45240K [0x000000077ca00000, 0x000000077f680000, 0x0000000781c00000)
  object space 45568K, 99% used [0x000000077ca00000,0x000000077f62e170,0x000000077f680000)
}

