# JRE version: Java(TM) SE Runtime Environment (7.0_71-b14) (build 1.7.0_71-b14)
# Java VM: Java HotSpot(TM) 64-Bit Server VM (24.71-b01 mixed mode windows-amd64 compressed oops)
Heap
 PSYoungGen      total 71680K, used 640K [0x00000007d5e80000, 0x00000007da980000, 0x0000000800000000)
  eden space 66560K, 0% used [0x00000007d5e80000,0x00000007d5e80000,0x00000007d9f80000)
  from space 5120K, 12% used [0x00000007d9f80000,0x00000007da020000,0x00000007da480000)
  to   space 5120K, 0% used [0x00000007da480000,0x00000007da480000,0x00000007da980000)
 ParOldGen       total 86016K, used 31040K [0x0000000781c00000, 0x0000000787000000, 0x00000007d5e80000)
  object space 86016K, 36% used [0x0000000781c00000,0x0000000783a50210,0x0000000787000000)
 PSPermGen       total 45056K, used 45055K [0x000000077ca00000, 0x000000077f600000, 0x0000000781c00000)
  object space 45056K, 99% used [0x000000077ca00000,0x000000077f5ffff0,0x000000077f600000)
GC Heap History (10 events):
Event: 7.258 GC heap after
Heap after GC invocations=14 (full 0):
 PSYoungGen      total 71680K, used 2560K [0x00000007d5e80000, 0x00000007da980000, 0x0000000800000000)
  eden space 66560K, 0% used [0x00000007d5e80000,0x00000007d5e80000,0x00000007d9f80000)
  from space 5120K, 50% used [0x00000007da480000,0x00000007da700000,0x00000007da980000)
  to   space 5120K, 0% used [0x00000007d9f80000,0x00000007d9f80000,0x00000007da480000)
 ParOldGen       total 86016K, used 36479K [0x0000000781c00000, 0x0000000787000000, 0x00000007d5e80000)
  object space 86016K, 42% used [0x0000000781c00000,0x0000000783f9fe38,0x0000000787000000)
 PSPermGen       total 38400K, used 37904K [0x000000077ca00000, 0x000000077ef80000, 0x0000000781c00000)
  object space 38400K, 98% used [0x000000077ca00000,0x000000077ef04188,0x000000077ef80000)
}
Event: 7.736 GC heap before
{Heap before GC invocations=15 (full 0):
 PSYoungGen      total 71680K, used 69120K [0x00000007d5e80000, 0x00000007da980000, 0x0000000800000000)
  eden space 66560K, 100% used [0x00000007d5e80000,0x00000007d9f80000,0x00000007d9f80000)
  from space 5120K, 50% used [0x00000007da480000,0x00000007da700000,0x00000007da980000)
  to   space 5120K, 0% used [0x00000007d9f80000,0x00000007d9f80000,0x00000007da480000)
 ParOldGen       total 86016K, used 36479K [0x0000000781c00000, 0x0000000787000000, 0x00000007d5e80000)
  object space 86016K, 42% used [0x0000000781c00000,0x0000000783f9fe38,0x0000000787000000)
 PSPermGen       total 41472K, used 41092K [0x000000077ca00000, 0x000000077f280000, 0x0000000781c00000)
  object space 41472K, 99% used [0x000000077ca00000,0x000000077f2212c0,0x000000077f280000)
Event: 7.741 GC heap after
Heap after GC invocations=15 (full 0):
 PSYoungGen      total 71680K, used 4843K [0x00000007d5e80000, 0x00000007da980000, 0x0000000800000000)
  eden space 66560K, 0% used [0x00000007d5e80000,0x00000007d5e80000,0x00000007d9f80000)
  from space 5120K, 94% used [0x00000007d9f80000,0x00000007da43ade0,0x00000007da480000)
  to   space 5120K, 0% used [0x00000007da480000,0x00000007da480000,0x00000007da980000)
 ParOldGen       total 86016K, used 38459K [0x0000000781c00000, 0x0000000787000000, 0x00000007d5e80000)
  object space 86016K, 44% used [0x0000000781c00000,0x000000078418ee88,0x0000000787000000)
 PSPermGen       total 41472K, used 41092K [0x000000077ca00000, 0x000000077f280000, 0x0000000781c00000)
  object space 41472K, 99% used [0x000000077ca00000,0x000000077f2212c0,0x000000077f280000)
}
Event: 8.109 GC heap before
{Heap before GC invocations=16 (full 0):
 PSYoungGen      total 71680K, used 56545K [0x00000007d5e80000, 0x00000007da980000, 0x0000000800000000)
  eden space 66560K, 77% used [0x00000007d5e80000,0x00000007d90fd940,0x00000007d9f80000)
  from space 5120K, 94% used [0x00000007d9f80000,0x00000007da43ade0,0x00000007da480000)
  to   space 5120K, 0% used [0x00000007da480000,0x00000007da480000,0x00000007da980000)
 ParOldGen       total 86016K, used 38459K [0x0000000781c00000, 0x0000000787000000, 0x00000007d5e80000)
  object space 86016K, 44% used [0x0000000781c00000,0x000000078418ee88,0x0000000787000000)
 PSPermGen       total 44544K, used 44543K [0x000000077ca00000, 0x000000077f580000, 0x0000000781c00000)
  object space 44544K, 99% used [0x000000077ca00000,0x000000077f57ffc0,0x000000077f580000)
Event: 8.114 GC heap after
Heap after GC invocations=16 (full 0):
 PSYoungGen      total 71680K, used 3869K [0x00000007d5e80000, 0x00000007da980000, 0x0000000800000000)
  eden space 66560K, 0% used [0x00000007d5e80000,0x00000007d5e80000,0x00000007d9f80000)
  from space 5120K, 75% used [0x00000007da480000,0x00000007da8477b0,0x00000007da980000)
  to   space 5120K, 0% used [0x00000007d9f80000,0x00000007d9f80000,0x00000007da480000)
 ParOldGen       total 86016K, used 41767K [0x0000000781c00000, 0x0000000787000000, 0x00000007d5e80000)
  object space 86016K, 48% used [0x0000000781c00000,0x00000007844c9fa0,0x0000000787000000)
 PSPermGen       total 44544K, used 44543K [0x000000077ca00000, 0x000000077f580000, 0x0000000781c00000)
  object space 44544K, 99% used [0x000000077ca00000,0x000000077f57ffc0,0x000000077f580000)
}
Event: 8.114 GC heap before
{Heap before GC invocations=17 (full 1):
 PSYoungGen      total 71680K, used 3869K [0x00000007d5e80000, 0x00000007da980000, 0x0000000800000000)
  eden space 66560K, 0% used [0x00000007d5e80000,0x00000007d5e80000,0x00000007d9f80000)
  from space 5120K, 75% used [0x00000007da480000,0x00000007da8477b0,0x00000007da980000)
  to   space 5120K, 0% used [0x00000007d9f80000,0x00000007d9f80000,0x00000007da480000)
 ParOldGen       total 86016K, used 41767K [0x0000000781c00000, 0x0000000787000000, 0x00000007d5e80000)
  object space 86016K, 48% used [0x0000000781c00000,0x00000007844c9fa0,0x0000000787000000)
 PSPermGen       total 44544K, used 44543K [0x000000077ca00000, 0x000000077f580000, 0x0000000781c00000)
  object space 44544K, 99% used [0x000000077ca00000,0x000000077f57ffc0,0x000000077f580000)
Event: 8.293 GC heap after
Heap after GC invocations=17 (full 1):
 PSYoungGen      total 71680K, used 0K [0x00000007d5e80000, 0x00000007da980000, 0x0000000800000000)
  eden space 66560K, 0% used [0x00000007d5e80000,0x00000007d5e80000,0x00000007d9f80000)
  from space 5120K, 0% used [0x00000007da480000,0x00000007da480000,0x00000007da980000)
  to   space 5120K, 0% used [0x00000007d9f80000,0x00000007d9f80000,0x00000007da480000)
 ParOldGen       total 86016K, used 31040K [0x0000000781c00000, 0x0000000787000000, 0x00000007d5e80000)
  object space 86016K, 36% used [0x0000000781c00000,0x0000000783a50210,0x0000000787000000)
 PSPermGen       total 44544K, used 44525K [0x000000077ca00000, 0x000000077f580000, 0x0000000781c00000)
  object space 44544K, 99% used [0x000000077ca00000,0x000000077f57b6f8,0x000000077f580000)
}
Event: 8.364 GC heap before
{Heap before GC invocations=18 (full 1):
 PSYoungGen      total 71680K, used 10761K [0x00000007d5e80000, 0x00000007da980000, 0x0000000800000000)
  eden space 66560K, 16% used [0x00000007d5e80000,0x00000007d6902430,0x00000007d9f80000)
  from space 5120K, 0% used [0x00000007da480000,0x00000007da480000,0x00000007da980000)
  to   space 5120K, 0% used [0x00000007d9f80000,0x00000007d9f80000,0x00000007da480000)
 ParOldGen       total 86016K, used 31040K [0x0000000781c00000, 0x0000000787000000, 0x00000007d5e80000)
  object space 86016K, 36% used [0x0000000781c00000,0x0000000783a50210,0x0000000787000000)
 PSPermGen       total 45056K, used 45055K [0x000000077ca00000, 0x000000077f600000, 0x0000000781c00000)
  object space 45056K, 99% used [0x000000077ca00000,0x000000077f5ffff0,0x000000077f600000)
Event: 8.367 GC heap after
Heap after GC invocations=18 (full 1):
 PSYoungGen      total 71680K, used 640K [0x00000007d5e80000, 0x00000007da980000, 0x0000000800000000)
  eden space 66560K, 0% used [0x00000007d5e80000,0x00000007d5e80000,0x00000007d9f80000)
  from space 5120K, 12% used [0x00000007d9f80000,0x00000007da020000,0x00000007da480000)
  to   space 5120K, 0% used [0x00000007da480000,0x00000007da480000,0x00000007da980000)
 ParOldGen       total 86016K, used 31040K [0x0000000781c00000, 0x0000000787000000, 0x00000007d5e80000)
  object space 86016K, 36% used [0x0000000781c00000,0x0000000783a50210,0x0000000787000000)
 PSPermGen       total 45056K, used 45055K [0x000000077ca00000, 0x000000077f600000, 0x0000000781c00000)
  object space 45056K, 99% used [0x000000077ca00000,0x000000077f5ffff0,0x000000077f600000)
}
Event: 8.367 GC heap before
{Heap before GC invocations=19 (full 2):
 PSYoungGen      total 71680K, used 640K [0x00000007d5e80000, 0x00000007da980000, 0x0000000800000000)
  eden space 66560K, 0% used [0x00000007d5e80000,0x00000007d5e80000,0x00000007d9f80000)
  from space 5120K, 12% used [0x00000007d9f80000,0x00000007da020000,0x00000007da480000)
  to   space 5120K, 0% used [0x00000007da480000,0x00000007da480000,0x00000007da980000)
 ParOldGen       total 86016K, used 31040K [0x0000000781c00000, 0x0000000787000000, 0x00000007d5e80000)
  object space 86016K, 36% used [0x0000000781c00000,0x0000000783a50210,0x0000000787000000)
 PSPermGen       total 45056K, used 45055K [0x000000077ca00000, 0x000000077f600000, 0x0000000781c00000)
  object space 45056K, 99% used [0x000000077ca00000,0x000000077f5ffff0,0x000000077f600000)

