# JRE version: Java(TM) SE Runtime Environment (7.0_71-b14) (build 1.7.0_71-b14)
# Java VM: Java HotSpot(TM) 64-Bit Server VM (24.71-b01 mixed mode windows-amd64 compressed oops)
Heap
 PSYoungGen      total 231424K, used 201027K [0x00000007d5e80000, 0x00000007e5500000, 0x0000000800000000)
  eden space 211456K, 89% used [0x00000007d5e80000,0x00000007e170a670,0x00000007e2d00000)
  from space 19968K, 60% used [0x00000007e4180000,0x00000007e4d46690,0x00000007e5500000)
  to   space 20480K, 0% used [0x00000007e2d00000,0x00000007e2d00000,0x00000007e4100000)
 ParOldGen       total 86016K, used 34487K [0x0000000781c00000, 0x0000000787000000, 0x00000007d5e80000)
  object space 86016K, 40% used [0x0000000781c00000,0x0000000783dade00,0x0000000787000000)
 PSPermGen       total 37888K, used 37438K [0x000000077ca00000, 0x000000077ef00000, 0x0000000781c00000)
  object space 37888K, 98% used [0x000000077ca00000,0x000000077ee8fa30,0x000000077ef00000)
GC Heap History (10 events):
Event: 3.898 GC heap before
{Heap before GC invocations=6 (full 0):
 PSYoungGen      total 71680K, used 71650K [0x00000007d5e80000, 0x00000007df280000, 0x0000000800000000)
  eden space 66560K, 100% used [0x00000007d5e80000,0x00000007d9f80000,0x00000007d9f80000)
  from space 5120K, 99% used [0x00000007d9f80000,0x00000007da478b08,0x00000007da480000)
  to   space 9216K, 0% used [0x00000007de980000,0x00000007de980000,0x00000007df280000)
 ParOldGen       total 86016K, used 6023K [0x0000000781c00000, 0x0000000787000000, 0x00000007d5e80000)
  object space 86016K, 7% used [0x0000000781c00000,0x00000007821e1e58,0x0000000787000000)
 PSPermGen       total 23552K, used 23545K [0x000000077ca00000, 0x000000077e100000, 0x0000000781c00000)
  object space 23552K, 99% used [0x000000077ca00000,0x000000077e0fe4d8,0x000000077e100000)
Event: 3.916 GC heap after
Heap after GC invocations=6 (full 0):
 PSYoungGen      total 141312K, used 8923K [0x00000007d5e80000, 0x00000007df480000, 0x0000000800000000)
  eden space 132096K, 0% used [0x00000007d5e80000,0x00000007d5e80000,0x00000007ddf80000)
  from space 9216K, 96% used [0x00000007de980000,0x00000007df236e28,0x00000007df280000)
  to   space 10240K, 0% used [0x00000007ddf80000,0x00000007ddf80000,0x00000007de980000)
 ParOldGen       total 86016K, used 6023K [0x0000000781c00000, 0x0000000787000000, 0x00000007d5e80000)
  object space 86016K, 7% used [0x0000000781c00000,0x00000007821e1e58,0x0000000787000000)
 PSPermGen       total 23552K, used 23545K [0x000000077ca00000, 0x000000077e100000, 0x0000000781c00000)
  object space 23552K, 99% used [0x000000077ca00000,0x000000077e0fe4d8,0x000000077e100000)
}
Event: 4.972 GC heap before
{Heap before GC invocations=7 (full 0):
 PSYoungGen      total 141312K, used 141019K [0x00000007d5e80000, 0x00000007df480000, 0x0000000800000000)
  eden space 132096K, 100% used [0x00000007d5e80000,0x00000007ddf80000,0x00000007ddf80000)
  from space 9216K, 96% used [0x00000007de980000,0x00000007df236e28,0x00000007df280000)
  to   space 10240K, 0% used [0x00000007ddf80000,0x00000007ddf80000,0x00000007de980000)
 ParOldGen       total 86016K, used 6023K [0x0000000781c00000, 0x0000000787000000, 0x00000007d5e80000)
  object space 86016K, 7% used [0x0000000781c00000,0x00000007821e1e58,0x0000000787000000)
 PSPermGen       total 29696K, used 29571K [0x000000077ca00000, 0x000000077e700000, 0x0000000781c00000)
  object space 29696K, 99% used [0x000000077ca00000,0x000000077e6e0d38,0x000000077e700000)
Event: 4.983 GC heap after
Heap after GC invocations=7 (full 0):
 PSYoungGen      total 142336K, used 10224K [0x00000007d5e80000, 0x00000007df480000, 0x0000000800000000)
  eden space 132096K, 0% used [0x00000007d5e80000,0x00000007d5e80000,0x00000007ddf80000)
  from space 10240K, 99% used [0x00000007ddf80000,0x00000007de97c218,0x00000007de980000)
  to   space 9216K, 0% used [0x00000007de980000,0x00000007de980000,0x00000007df280000)
 ParOldGen       total 86016K, used 10793K [0x0000000781c00000, 0x0000000787000000, 0x00000007d5e80000)
  object space 86016K, 12% used [0x0000000781c00000,0x000000078268a4e8,0x0000000787000000)
 PSPermGen       total 29696K, used 29571K [0x000000077ca00000, 0x000000077e700000, 0x0000000781c00000)
  object space 29696K, 99% used [0x000000077ca00000,0x000000077e6e0d38,0x000000077e700000)
}
Event: 5.717 GC heap before
{Heap before GC invocations=8 (full 0):
 PSYoungGen      total 142336K, used 142320K [0x00000007d5e80000, 0x00000007df480000, 0x0000000800000000)
  eden space 132096K, 100% used [0x00000007d5e80000,0x00000007ddf80000,0x00000007ddf80000)
  from space 10240K, 99% used [0x00000007ddf80000,0x00000007de97c218,0x00000007de980000)
  to   space 9216K, 0% used [0x00000007de980000,0x00000007de980000,0x00000007df280000)
 ParOldGen       total 86016K, used 10793K [0x0000000781c00000, 0x0000000787000000, 0x00000007d5e80000)
  object space 86016K, 12% used [0x0000000781c00000,0x000000078268a4e8,0x0000000787000000)
 PSPermGen       total 33792K, used 33430K [0x000000077ca00000, 0x000000077eb00000, 0x0000000781c00000)
  object space 33792K, 98% used [0x000000077ca00000,0x000000077eaa5850,0x000000077eb00000)
Event: 5.731 GC heap after
Heap after GC invocations=8 (full 0):
 PSYoungGen      total 141312K, used 9209K [0x00000007d5e80000, 0x00000007df480000, 0x0000000800000000)
  eden space 132096K, 0% used [0x00000007d5e80000,0x00000007d5e80000,0x00000007ddf80000)
  from space 9216K, 99% used [0x00000007de980000,0x00000007df27e710,0x00000007df280000)
  to   space 10240K, 0% used [0x00000007ddf80000,0x00000007ddf80000,0x00000007de980000)
 ParOldGen       total 86016K, used 21428K [0x0000000781c00000, 0x0000000787000000, 0x00000007d5e80000)
  object space 86016K, 24% used [0x0000000781c00000,0x00000007830ed1a8,0x0000000787000000)
 PSPermGen       total 33792K, used 33430K [0x000000077ca00000, 0x000000077eb00000, 0x0000000781c00000)
  object space 33792K, 98% used [0x000000077ca00000,0x000000077eaa5850,0x000000077eb00000)
}
Event: 6.410 GC heap before
{Heap before GC invocations=9 (full 0):
 PSYoungGen      total 141312K, used 141305K [0x00000007d5e80000, 0x00000007df480000, 0x0000000800000000)
  eden space 132096K, 100% used [0x00000007d5e80000,0x00000007ddf80000,0x00000007ddf80000)
  from space 9216K, 99% used [0x00000007de980000,0x00000007df27e710,0x00000007df280000)
  to   space 10240K, 0% used [0x00000007ddf80000,0x00000007ddf80000,0x00000007de980000)
 ParOldGen       total 86016K, used 21428K [0x0000000781c00000, 0x0000000787000000, 0x00000007d5e80000)
  object space 86016K, 24% used [0x0000000781c00000,0x00000007830ed1a8,0x0000000787000000)
 PSPermGen       total 35328K, used 34995K [0x000000077ca00000, 0x000000077ec80000, 0x0000000781c00000)
  object space 35328K, 99% used [0x000000077ca00000,0x000000077ec2cf70,0x000000077ec80000)
Event: 6.419 GC heap after
Heap after GC invocations=9 (full 0):
 PSYoungGen      total 142336K, used 10235K [0x00000007d5e80000, 0x00000007e5600000, 0x0000000800000000)
  eden space 132096K, 0% used [0x00000007d5e80000,0x00000007d5e80000,0x00000007ddf80000)
  from space 10240K, 99% used [0x00000007ddf80000,0x00000007de97edf8,0x00000007de980000)
  to   space 20992K, 0% used [0x00000007e4180000,0x00000007e4180000,0x00000007e5600000)
 ParOldGen       total 86016K, used 28518K [0x0000000781c00000, 0x0000000787000000, 0x00000007d5e80000)
  object space 86016K, 33% used [0x0000000781c00000,0x00000007837d9a40,0x0000000787000000)
 PSPermGen       total 35328K, used 34995K [0x000000077ca00000, 0x000000077ec80000, 0x0000000781c00000)
  object space 35328K, 99% used [0x000000077ca00000,0x000000077ec2cf70,0x000000077ec80000)
}
Event: 6.921 GC heap before
{Heap before GC invocations=10 (full 0):
 PSYoungGen      total 142336K, used 142331K [0x00000007d5e80000, 0x00000007e5600000, 0x0000000800000000)
  eden space 132096K, 100% used [0x00000007d5e80000,0x00000007ddf80000,0x00000007ddf80000)
  from space 10240K, 99% used [0x00000007ddf80000,0x00000007de97edf8,0x00000007de980000)
  to   space 20992K, 0% used [0x00000007e4180000,0x00000007e4180000,0x00000007e5600000)
 ParOldGen       total 86016K, used 28518K [0x0000000781c00000, 0x0000000787000000, 0x00000007d5e80000)
  object space 86016K, 33% used [0x0000000781c00000,0x00000007837d9a40,0x0000000787000000)
 PSPermGen       total 36864K, used 36370K [0x000000077ca00000, 0x000000077ee00000, 0x0000000781c00000)
  object space 36864K, 98% used [0x000000077ca00000,0x000000077ed84a80,0x000000077ee00000)
Event: 6.934 GC heap after
Heap after GC invocations=10 (full 0):
 PSYoungGen      total 231424K, used 12057K [0x00000007d5e80000, 0x00000007e5500000, 0x0000000800000000)
  eden space 211456K, 0% used [0x00000007d5e80000,0x00000007d5e80000,0x00000007e2d00000)
  from space 19968K, 60% used [0x00000007e4180000,0x00000007e4d46690,0x00000007e5500000)
  to   space 20480K, 0% used [0x00000007e2d00000,0x00000007e2d00000,0x00000007e4100000)
 ParOldGen       total 86016K, used 34487K [0x0000000781c00000, 0x0000000787000000, 0x00000007d5e80000)
  object space 86016K, 40% used [0x0000000781c00000,0x0000000783dade00,0x0000000787000000)
 PSPermGen       total 36864K, used 36370K [0x000000077ca00000, 0x000000077ee00000, 0x0000000781c00000)
  object space 36864K, 98% used [0x000000077ca00000,0x000000077ed84a80,0x000000077ee00000)
}

