# JRE version: Java(TM) SE Runtime Environment (7.0_71-b14) (build 1.7.0_71-b14)
# Java VM: Java HotSpot(TM) 64-Bit Server VM (24.71-b01 mixed mode windows-amd64 compressed oops)
Heap
 PSYoungGen      total 71680K, used 18085K [0x00000007d5e80000, 0x00000007da980000, 0x0000000800000000)
  eden space 66560K, 19% used [0x00000007d5e80000,0x00000007d6b2d430,0x00000007d9f80000)
  from space 5120K, 99% used [0x00000007d9f80000,0x00000007da47c390,0x00000007da480000)
  to   space 5120K, 0% used [0x00000007da480000,0x00000007da480000,0x00000007da980000)
 ParOldGen       total 86016K, used 54051K [0x0000000781c00000, 0x0000000787000000, 0x00000007d5e80000)
  object space 86016K, 62% used [0x0000000781c00000,0x00000007850c8c78,0x0000000787000000)
 PSPermGen       total 48128K, used 47986K [0x000000077ca00000, 0x000000077f900000, 0x0000000781c00000)
  object space 48128K, 99% used [0x000000077ca00000,0x000000077f8dc988,0x000000077f900000)
GC Heap History (10 events):
Event: 11.788 GC heap before
{Heap before GC invocations=21 (full 0):
 PSYoungGen      total 71680K, used 68800K [0x00000007d5e80000, 0x00000007da980000, 0x0000000800000000)
  eden space 66560K, 100% used [0x00000007d5e80000,0x00000007d9f80000,0x00000007d9f80000)
  from space 5120K, 43% used [0x00000007da480000,0x00000007da6b0000,0x00000007da980000)
  to   space 5120K, 0% used [0x00000007d9f80000,0x00000007d9f80000,0x00000007da480000)
 ParOldGen       total 86016K, used 41932K [0x0000000781c00000, 0x0000000787000000, 0x00000007d5e80000)
  object space 86016K, 48% used [0x0000000781c00000,0x00000007844f31f0,0x0000000787000000)
 PSPermGen       total 39936K, used 39660K [0x000000077ca00000, 0x000000077f100000, 0x0000000781c00000)
  object space 39936K, 99% used [0x000000077ca00000,0x000000077f0bb0d8,0x000000077f100000)
Event: 11.824 GC heap after
Heap after GC invocations=21 (full 0):
 PSYoungGen      total 71680K, used 5097K [0x00000007d5e80000, 0x00000007da980000, 0x0000000800000000)
  eden space 66560K, 0% used [0x00000007d5e80000,0x00000007d5e80000,0x00000007d9f80000)
  from space 5120K, 99% used [0x00000007d9f80000,0x00000007da47a400,0x00000007da480000)
  to   space 5120K, 0% used [0x00000007da480000,0x00000007da480000,0x00000007da980000)
 ParOldGen       total 86016K, used 47056K [0x0000000781c00000, 0x0000000787000000, 0x00000007d5e80000)
  object space 86016K, 54% used [0x0000000781c00000,0x00000007849f4168,0x0000000787000000)
 PSPermGen       total 39936K, used 39660K [0x000000077ca00000, 0x000000077f100000, 0x0000000781c00000)
  object space 39936K, 99% used [0x000000077ca00000,0x000000077f0bb0d8,0x000000077f100000)
}
Event: 12.036 GC heap before
{Heap before GC invocations=22 (full 0):
 PSYoungGen      total 71680K, used 71657K [0x00000007d5e80000, 0x00000007da980000, 0x0000000800000000)
  eden space 66560K, 100% used [0x00000007d5e80000,0x00000007d9f80000,0x00000007d9f80000)
  from space 5120K, 99% used [0x00000007d9f80000,0x00000007da47a400,0x00000007da480000)
  to   space 5120K, 0% used [0x00000007da480000,0x00000007da480000,0x00000007da980000)
 ParOldGen       total 86016K, used 47056K [0x0000000781c00000, 0x0000000787000000, 0x00000007d5e80000)
  object space 86016K, 54% used [0x0000000781c00000,0x00000007849f4168,0x0000000787000000)
 PSPermGen       total 39936K, used 39818K [0x000000077ca00000, 0x000000077f100000, 0x0000000781c00000)
  object space 39936K, 99% used [0x000000077ca00000,0x000000077f0e2808,0x000000077f100000)
Event: 12.040 GC heap after
Heap after GC invocations=22 (full 0):
 PSYoungGen      total 71680K, used 5116K [0x00000007d5e80000, 0x00000007da980000, 0x0000000800000000)
  eden space 66560K, 0% used [0x00000007d5e80000,0x00000007d5e80000,0x00000007d9f80000)
  from space 5120K, 99% used [0x00000007da480000,0x00000007da97f070,0x00000007da980000)
  to   space 5120K, 0% used [0x00000007d9f80000,0x00000007d9f80000,0x00000007da480000)
 ParOldGen       total 86016K, used 49050K [0x0000000781c00000, 0x0000000787000000, 0x00000007d5e80000)
  object space 86016K, 57% used [0x0000000781c00000,0x0000000784be6bf0,0x0000000787000000)
 PSPermGen       total 39936K, used 39818K [0x000000077ca00000, 0x000000077f100000, 0x0000000781c00000)
  object space 39936K, 99% used [0x000000077ca00000,0x000000077f0e2808,0x000000077f100000)
}
Event: 12.373 GC heap before
{Heap before GC invocations=23 (full 0):
 PSYoungGen      total 71680K, used 71676K [0x00000007d5e80000, 0x00000007da980000, 0x0000000800000000)
  eden space 66560K, 100% used [0x00000007d5e80000,0x00000007d9f80000,0x00000007d9f80000)
  from space 5120K, 99% used [0x00000007da480000,0x00000007da97f070,0x00000007da980000)
  to   space 5120K, 0% used [0x00000007d9f80000,0x00000007d9f80000,0x00000007da480000)
 ParOldGen       total 86016K, used 49050K [0x0000000781c00000, 0x0000000787000000, 0x00000007d5e80000)
  object space 86016K, 57% used [0x0000000781c00000,0x0000000784be6bf0,0x0000000787000000)
 PSPermGen       total 40448K, used 40159K [0x000000077ca00000, 0x000000077f180000, 0x0000000781c00000)
  object space 40448K, 99% used [0x000000077ca00000,0x000000077f137ef8,0x000000077f180000)
Event: 12.377 GC heap after
Heap after GC invocations=23 (full 0):
 PSYoungGen      total 71680K, used 3506K [0x00000007d5e80000, 0x00000007da980000, 0x0000000800000000)
  eden space 66560K, 0% used [0x00000007d5e80000,0x00000007d5e80000,0x00000007d9f80000)
  from space 5120K, 68% used [0x00000007d9f80000,0x00000007da2ecbc0,0x00000007da480000)
  to   space 5120K, 0% used [0x00000007da480000,0x00000007da480000,0x00000007da980000)
 ParOldGen       total 86016K, used 49847K [0x0000000781c00000, 0x0000000787000000, 0x00000007d5e80000)
  object space 86016K, 57% used [0x0000000781c00000,0x0000000784cadc00,0x0000000787000000)
 PSPermGen       total 40448K, used 40159K [0x000000077ca00000, 0x000000077f180000, 0x0000000781c00000)
  object space 40448K, 99% used [0x000000077ca00000,0x000000077f137ef8,0x000000077f180000)
}
Event: 12.850 GC heap before
{Heap before GC invocations=24 (full 0):
 PSYoungGen      total 71680K, used 70066K [0x00000007d5e80000, 0x00000007da980000, 0x0000000800000000)
  eden space 66560K, 100% used [0x00000007d5e80000,0x00000007d9f80000,0x00000007d9f80000)
  from space 5120K, 68% used [0x00000007d9f80000,0x00000007da2ecbc0,0x00000007da480000)
  to   space 5120K, 0% used [0x00000007da480000,0x00000007da480000,0x00000007da980000)
 ParOldGen       total 86016K, used 49847K [0x0000000781c00000, 0x0000000787000000, 0x00000007d5e80000)
  object space 86016K, 57% used [0x0000000781c00000,0x0000000784cadc00,0x0000000787000000)
 PSPermGen       total 41472K, used 41192K [0x000000077ca00000, 0x000000077f280000, 0x0000000781c00000)
  object space 41472K, 99% used [0x000000077ca00000,0x000000077f23a098,0x000000077f280000)
Event: 12.853 GC heap after
Heap after GC invocations=24 (full 0):
 PSYoungGen      total 71680K, used 2198K [0x00000007d5e80000, 0x00000007da980000, 0x0000000800000000)
  eden space 66560K, 0% used [0x00000007d5e80000,0x00000007d5e80000,0x00000007d9f80000)
  from space 5120K, 42% used [0x00000007da480000,0x00000007da6a5818,0x00000007da980000)
  to   space 5120K, 0% used [0x00000007d9f80000,0x00000007d9f80000,0x00000007da480000)
 ParOldGen       total 86016K, used 50599K [0x0000000781c00000, 0x0000000787000000, 0x00000007d5e80000)
  object space 86016K, 58% used [0x0000000781c00000,0x0000000784d69c00,0x0000000787000000)
 PSPermGen       total 41472K, used 41192K [0x000000077ca00000, 0x000000077f280000, 0x0000000781c00000)
  object space 41472K, 99% used [0x000000077ca00000,0x000000077f23a098,0x000000077f280000)
}
Event: 13.559 GC heap before
{Heap before GC invocations=25 (full 0):
 PSYoungGen      total 71680K, used 68758K [0x00000007d5e80000, 0x00000007da980000, 0x0000000800000000)
  eden space 66560K, 100% used [0x00000007d5e80000,0x00000007d9f80000,0x00000007d9f80000)
  from space 5120K, 42% used [0x00000007da480000,0x00000007da6a5818,0x00000007da980000)
  to   space 5120K, 0% used [0x00000007d9f80000,0x00000007d9f80000,0x00000007da480000)
 ParOldGen       total 86016K, used 50599K [0x0000000781c00000, 0x0000000787000000, 0x00000007d5e80000)
  object space 86016K, 58% used [0x0000000781c00000,0x0000000784d69c00,0x0000000787000000)
 PSPermGen       total 47616K, used 47119K [0x000000077ca00000, 0x000000077f880000, 0x0000000781c00000)
  object space 47616K, 98% used [0x000000077ca00000,0x000000077f803e28,0x000000077f880000)
Event: 13.579 GC heap after
Heap after GC invocations=25 (full 0):
 PSYoungGen      total 71680K, used 5104K [0x00000007d5e80000, 0x00000007da980000, 0x0000000800000000)
  eden space 66560K, 0% used [0x00000007d5e80000,0x00000007d5e80000,0x00000007d9f80000)
  from space 5120K, 99% used [0x00000007d9f80000,0x00000007da47c390,0x00000007da480000)
  to   space 5120K, 0% used [0x00000007da480000,0x00000007da480000,0x00000007da980000)
 ParOldGen       total 86016K, used 54051K [0x0000000781c00000, 0x0000000787000000, 0x00000007d5e80000)
  object space 86016K, 62% used [0x0000000781c00000,0x00000007850c8c78,0x0000000787000000)
 PSPermGen       total 47616K, used 47119K [0x000000077ca00000, 0x000000077f880000, 0x0000000781c00000)
  object space 47616K, 98% used [0x000000077ca00000,0x000000077f803e28,0x000000077f880000)
}

