# JRE version: Java(TM) SE Runtime Environment (7.0_71-b14) (build 1.7.0_71-b14)
# Java VM: Java HotSpot(TM) 64-Bit Server VM (24.71-b01 mixed mode windows-amd64 compressed oops)
Heap
 PSYoungGen      total 142336K, used 62954K [0x00000007d5e80000, 0x00000007e5600000, 0x0000000800000000)
  eden space 132096K, 39% used [0x00000007d5e80000,0x00000007d91fe250,0x00000007ddf80000)
  from space 10240K, 99% used [0x00000007ddf80000,0x00000007de97c6e0,0x00000007de980000)
  to   space 20992K, 0% used [0x00000007e4180000,0x00000007e4180000,0x00000007e5600000)
 ParOldGen       total 86016K, used 28615K [0x0000000781c00000, 0x0000000787000000, 0x00000007d5e80000)
  object space 86016K, 33% used [0x0000000781c00000,0x00000007837f1ea0,0x0000000787000000)
 PSPermGen       total 35328K, used 35210K [0x000000077ca00000, 0x000000077ec80000, 0x0000000781c00000)
  object space 35328K, 99% used [0x000000077ca00000,0x000000077ec62a40,0x000000077ec80000)
GC Heap History (10 events):
Event: 3.423 GC heap before
{Heap before GC invocations=5 (full 0):
 PSYoungGen      total 71680K, used 71672K [0x00000007d5e80000, 0x00000007da980000, 0x0000000800000000)
  eden space 66560K, 100% used [0x00000007d5e80000,0x00000007d9f80000,0x00000007d9f80000)
  from space 5120K, 99% used [0x00000007da480000,0x00000007da97e3c8,0x00000007da980000)
  to   space 5120K, 0% used [0x00000007d9f80000,0x00000007d9f80000,0x00000007da480000)
 ParOldGen       total 86016K, used 3071K [0x0000000781c00000, 0x0000000787000000, 0x00000007d5e80000)
  object space 86016K, 3% used [0x0000000781c00000,0x0000000781effef0,0x0000000787000000)
 PSPermGen       total 23040K, used 22584K [0x000000077ca00000, 0x000000077e080000, 0x0000000781c00000)
  object space 23040K, 98% used [0x000000077ca00000,0x000000077e00e038,0x000000077e080000)
Event: 3.430 GC heap after
Heap after GC invocations=5 (full 0):
 PSYoungGen      total 71680K, used 5106K [0x00000007d5e80000, 0x00000007df280000, 0x0000000800000000)
  eden space 66560K, 0% used [0x00000007d5e80000,0x00000007d5e80000,0x00000007d9f80000)
  from space 5120K, 99% used [0x00000007d9f80000,0x00000007da47caf8,0x00000007da480000)
  to   space 9216K, 0% used [0x00000007de980000,0x00000007de980000,0x00000007df280000)
 ParOldGen       total 86016K, used 6063K [0x0000000781c00000, 0x0000000787000000, 0x00000007d5e80000)
  object space 86016K, 7% used [0x0000000781c00000,0x00000007821ebe30,0x0000000787000000)
 PSPermGen       total 23040K, used 22584K [0x000000077ca00000, 0x000000077e080000, 0x0000000781c00000)
  object space 23040K, 98% used [0x000000077ca00000,0x000000077e00e038,0x000000077e080000)
}
Event: 3.764 GC heap before
{Heap before GC invocations=6 (full 0):
 PSYoungGen      total 71680K, used 71666K [0x00000007d5e80000, 0x00000007df280000, 0x0000000800000000)
  eden space 66560K, 100% used [0x00000007d5e80000,0x00000007d9f80000,0x00000007d9f80000)
  from space 5120K, 99% used [0x00000007d9f80000,0x00000007da47caf8,0x00000007da480000)
  to   space 9216K, 0% used [0x00000007de980000,0x00000007de980000,0x00000007df280000)
 ParOldGen       total 86016K, used 6063K [0x0000000781c00000, 0x0000000787000000, 0x00000007d5e80000)
  object space 86016K, 7% used [0x0000000781c00000,0x00000007821ebe30,0x0000000787000000)
 PSPermGen       total 23552K, used 23551K [0x000000077ca00000, 0x000000077e100000, 0x0000000781c00000)
  object space 23552K, 99% used [0x000000077ca00000,0x000000077e0fff98,0x000000077e100000)
Event: 3.772 GC heap after
Heap after GC invocations=6 (full 0):
 PSYoungGen      total 141312K, used 8971K [0x00000007d5e80000, 0x00000007df480000, 0x0000000800000000)
  eden space 132096K, 0% used [0x00000007d5e80000,0x00000007d5e80000,0x00000007ddf80000)
  from space 9216K, 97% used [0x00000007de980000,0x00000007df242e18,0x00000007df280000)
  to   space 10240K, 0% used [0x00000007ddf80000,0x00000007ddf80000,0x00000007de980000)
 ParOldGen       total 86016K, used 6063K [0x0000000781c00000, 0x0000000787000000, 0x00000007d5e80000)
  object space 86016K, 7% used [0x0000000781c00000,0x00000007821ebe30,0x0000000787000000)
 PSPermGen       total 23552K, used 23551K [0x000000077ca00000, 0x000000077e100000, 0x0000000781c00000)
  object space 23552K, 99% used [0x000000077ca00000,0x000000077e0fff98,0x000000077e100000)
}
Event: 4.772 GC heap before
{Heap before GC invocations=7 (full 0):
 PSYoungGen      total 141312K, used 141067K [0x00000007d5e80000, 0x00000007df480000, 0x0000000800000000)
  eden space 132096K, 100% used [0x00000007d5e80000,0x00000007ddf80000,0x00000007ddf80000)
  from space 9216K, 97% used [0x00000007de980000,0x00000007df242e18,0x00000007df280000)
  to   space 10240K, 0% used [0x00000007ddf80000,0x00000007ddf80000,0x00000007de980000)
 ParOldGen       total 86016K, used 6063K [0x0000000781c00000, 0x0000000787000000, 0x00000007d5e80000)
  object space 86016K, 7% used [0x0000000781c00000,0x00000007821ebe30,0x0000000787000000)
 PSPermGen       total 29696K, used 29583K [0x000000077ca00000, 0x000000077e700000, 0x0000000781c00000)
  object space 29696K, 99% used [0x000000077ca00000,0x000000077e6e3f58,0x000000077e700000)
Event: 4.783 GC heap after
Heap after GC invocations=7 (full 0):
 PSYoungGen      total 142336K, used 10222K [0x00000007d5e80000, 0x00000007df480000, 0x0000000800000000)
  eden space 132096K, 0% used [0x00000007d5e80000,0x00000007d5e80000,0x00000007ddf80000)
  from space 10240K, 99% used [0x00000007ddf80000,0x00000007de97b910,0x00000007de980000)
  to   space 9216K, 0% used [0x00000007de980000,0x00000007de980000,0x00000007df280000)
 ParOldGen       total 86016K, used 10922K [0x0000000781c00000, 0x0000000787000000, 0x00000007d5e80000)
  object space 86016K, 12% used [0x0000000781c00000,0x00000007826aab80,0x0000000787000000)
 PSPermGen       total 29696K, used 29583K [0x000000077ca00000, 0x000000077e700000, 0x0000000781c00000)
  object space 29696K, 99% used [0x000000077ca00000,0x000000077e6e3f58,0x000000077e700000)
}
Event: 5.530 GC heap before
{Heap before GC invocations=8 (full 0):
 PSYoungGen      total 142336K, used 142318K [0x00000007d5e80000, 0x00000007df480000, 0x0000000800000000)
  eden space 132096K, 100% used [0x00000007d5e80000,0x00000007ddf80000,0x00000007ddf80000)
  from space 10240K, 99% used [0x00000007ddf80000,0x00000007de97b910,0x00000007de980000)
  to   space 9216K, 0% used [0x00000007de980000,0x00000007de980000,0x00000007df280000)
 ParOldGen       total 86016K, used 10922K [0x0000000781c00000, 0x0000000787000000, 0x00000007d5e80000)
  object space 86016K, 12% used [0x0000000781c00000,0x00000007826aab80,0x0000000787000000)
 PSPermGen       total 33792K, used 33428K [0x000000077ca00000, 0x000000077eb00000, 0x0000000781c00000)
  object space 33792K, 98% used [0x000000077ca00000,0x000000077eaa50c0,0x000000077eb00000)
Event: 5.544 GC heap after
Heap after GC invocations=8 (full 0):
 PSYoungGen      total 141312K, used 9210K [0x00000007d5e80000, 0x00000007df480000, 0x0000000800000000)
  eden space 132096K, 0% used [0x00000007d5e80000,0x00000007d5e80000,0x00000007ddf80000)
  from space 9216K, 99% used [0x00000007de980000,0x00000007df27ead0,0x00000007df280000)
  to   space 10240K, 0% used [0x00000007ddf80000,0x00000007ddf80000,0x00000007de980000)
 ParOldGen       total 86016K, used 21732K [0x0000000781c00000, 0x0000000787000000, 0x00000007d5e80000)
  object space 86016K, 25% used [0x0000000781c00000,0x0000000783139298,0x0000000787000000)
 PSPermGen       total 33792K, used 33428K [0x000000077ca00000, 0x000000077eb00000, 0x0000000781c00000)
  object space 33792K, 98% used [0x000000077ca00000,0x000000077eaa50c0,0x000000077eb00000)
}
Event: 6.546 GC heap before
{Heap before GC invocations=9 (full 0):
 PSYoungGen      total 141312K, used 141306K [0x00000007d5e80000, 0x00000007df480000, 0x0000000800000000)
  eden space 132096K, 100% used [0x00000007d5e80000,0x00000007ddf80000,0x00000007ddf80000)
  from space 9216K, 99% used [0x00000007de980000,0x00000007df27ead0,0x00000007df280000)
  to   space 10240K, 0% used [0x00000007ddf80000,0x00000007ddf80000,0x00000007de980000)
 ParOldGen       total 86016K, used 21732K [0x0000000781c00000, 0x0000000787000000, 0x00000007d5e80000)
  object space 86016K, 25% used [0x0000000781c00000,0x0000000783139298,0x0000000787000000)
 PSPermGen       total 35328K, used 34992K [0x000000077ca00000, 0x000000077ec80000, 0x0000000781c00000)
  object space 35328K, 99% used [0x000000077ca00000,0x000000077ec2c0c0,0x000000077ec80000)
Event: 6.557 GC heap after
Heap after GC invocations=9 (full 0):
 PSYoungGen      total 142336K, used 10225K [0x00000007d5e80000, 0x00000007e5600000, 0x0000000800000000)
  eden space 132096K, 0% used [0x00000007d5e80000,0x00000007d5e80000,0x00000007ddf80000)
  from space 10240K, 99% used [0x00000007ddf80000,0x00000007de97c6e0,0x00000007de980000)
  to   space 20992K, 0% used [0x00000007e4180000,0x00000007e4180000,0x00000007e5600000)
 ParOldGen       total 86016K, used 28615K [0x0000000781c00000, 0x0000000787000000, 0x00000007d5e80000)
  object space 86016K, 33% used [0x0000000781c00000,0x00000007837f1ea0,0x0000000787000000)
 PSPermGen       total 35328K, used 34992K [0x000000077ca00000, 0x000000077ec80000, 0x0000000781c00000)
  object space 35328K, 99% used [0x000000077ca00000,0x000000077ec2c0c0,0x000000077ec80000)
}

