# JRE version: Java(TM) SE Runtime Environment (7.0_71-b14) (build 1.7.0_71-b14)
# Java VM: Java HotSpot(TM) 64-Bit Server VM (24.71-b01 mixed mode windows-amd64 compressed oops)
Heap
 PSYoungGen      total 142336K, used 62527K [0x00000007d5e80000, 0x00000007e5600000, 0x0000000800000000)
  eden space 132096K, 39% used [0x00000007d5e80000,0x00000007d9194ef0,0x00000007ddf80000)
  from space 10240K, 99% used [0x00000007ddf80000,0x00000007de97afd8,0x00000007de980000)
  to   space 20992K, 0% used [0x00000007e4180000,0x00000007e4180000,0x00000007e5600000)
 ParOldGen       total 86016K, used 28759K [0x0000000781c00000, 0x0000000787000000, 0x00000007d5e80000)
  object space 86016K, 33% used [0x0000000781c00000,0x0000000783815f40,0x0000000787000000)
 PSPermGen       total 35328K, used 35205K [0x000000077ca00000, 0x000000077ec80000, 0x0000000781c00000)
  object space 35328K, 99% used [0x000000077ca00000,0x000000077ec614b8,0x000000077ec80000)
GC Heap History (10 events):
Event: 3.496 GC heap before
{Heap before GC invocations=5 (full 0):
 PSYoungGen      total 71680K, used 71651K [0x00000007d5e80000, 0x00000007da980000, 0x0000000800000000)
  eden space 66560K, 100% used [0x00000007d5e80000,0x00000007d9f80000,0x00000007d9f80000)
  from space 5120K, 99% used [0x00000007da480000,0x00000007da978ec0,0x00000007da980000)
  to   space 5120K, 0% used [0x00000007d9f80000,0x00000007d9f80000,0x00000007da480000)
 ParOldGen       total 86016K, used 3198K [0x0000000781c00000, 0x0000000787000000, 0x00000007d5e80000)
  object space 86016K, 3% used [0x0000000781c00000,0x0000000781f1f8e8,0x0000000787000000)
 PSPermGen       total 23040K, used 22559K [0x000000077ca00000, 0x000000077e080000, 0x0000000781c00000)
  object space 23040K, 97% used [0x000000077ca00000,0x000000077e007f98,0x000000077e080000)
Event: 3.504 GC heap after
Heap after GC invocations=5 (full 0):
 PSYoungGen      total 71680K, used 5106K [0x00000007d5e80000, 0x00000007df280000, 0x0000000800000000)
  eden space 66560K, 0% used [0x00000007d5e80000,0x00000007d5e80000,0x00000007d9f80000)
  from space 5120K, 99% used [0x00000007d9f80000,0x00000007da47cb18,0x00000007da480000)
  to   space 9216K, 0% used [0x00000007de980000,0x00000007de980000,0x00000007df280000)
 ParOldGen       total 86016K, used 6136K [0x0000000781c00000, 0x0000000787000000, 0x00000007d5e80000)
  object space 86016K, 7% used [0x0000000781c00000,0x00000007821fe1b0,0x0000000787000000)
 PSPermGen       total 23040K, used 22559K [0x000000077ca00000, 0x000000077e080000, 0x0000000781c00000)
  object space 23040K, 97% used [0x000000077ca00000,0x000000077e007f98,0x000000077e080000)
}
Event: 3.848 GC heap before
{Heap before GC invocations=6 (full 0):
 PSYoungGen      total 71680K, used 71666K [0x00000007d5e80000, 0x00000007df280000, 0x0000000800000000)
  eden space 66560K, 100% used [0x00000007d5e80000,0x00000007d9f80000,0x00000007d9f80000)
  from space 5120K, 99% used [0x00000007d9f80000,0x00000007da47cb18,0x00000007da480000)
  to   space 9216K, 0% used [0x00000007de980000,0x00000007de980000,0x00000007df280000)
 ParOldGen       total 86016K, used 6136K [0x0000000781c00000, 0x0000000787000000, 0x00000007d5e80000)
  object space 86016K, 7% used [0x0000000781c00000,0x00000007821fe1b0,0x0000000787000000)
 PSPermGen       total 23552K, used 23548K [0x000000077ca00000, 0x000000077e100000, 0x0000000781c00000)
  object space 23552K, 99% used [0x000000077ca00000,0x000000077e0ff238,0x000000077e100000)
Event: 3.856 GC heap after
Heap after GC invocations=6 (full 0):
 PSYoungGen      total 141312K, used 8930K [0x00000007d5e80000, 0x00000007df480000, 0x0000000800000000)
  eden space 132096K, 0% used [0x00000007d5e80000,0x00000007d5e80000,0x00000007ddf80000)
  from space 9216K, 96% used [0x00000007de980000,0x00000007df238890,0x00000007df280000)
  to   space 10240K, 0% used [0x00000007ddf80000,0x00000007ddf80000,0x00000007de980000)
 ParOldGen       total 86016K, used 6136K [0x0000000781c00000, 0x0000000787000000, 0x00000007d5e80000)
  object space 86016K, 7% used [0x0000000781c00000,0x00000007821fe1b0,0x0000000787000000)
 PSPermGen       total 23552K, used 23548K [0x000000077ca00000, 0x000000077e100000, 0x0000000781c00000)
  object space 23552K, 99% used [0x000000077ca00000,0x000000077e0ff238,0x000000077e100000)
}
Event: 4.959 GC heap before
{Heap before GC invocations=7 (full 0):
 PSYoungGen      total 141312K, used 141026K [0x00000007d5e80000, 0x00000007df480000, 0x0000000800000000)
  eden space 132096K, 100% used [0x00000007d5e80000,0x00000007ddf80000,0x00000007ddf80000)
  from space 9216K, 96% used [0x00000007de980000,0x00000007df238890,0x00000007df280000)
  to   space 10240K, 0% used [0x00000007ddf80000,0x00000007ddf80000,0x00000007de980000)
 ParOldGen       total 86016K, used 6136K [0x0000000781c00000, 0x0000000787000000, 0x00000007d5e80000)
  object space 86016K, 7% used [0x0000000781c00000,0x00000007821fe1b0,0x0000000787000000)
 PSPermGen       total 29696K, used 29580K [0x000000077ca00000, 0x000000077e700000, 0x0000000781c00000)
  object space 29696K, 99% used [0x000000077ca00000,0x000000077e6e33a0,0x000000077e700000)
Event: 4.972 GC heap after
Heap after GC invocations=7 (full 0):
 PSYoungGen      total 142336K, used 10225K [0x00000007d5e80000, 0x00000007df480000, 0x0000000800000000)
  eden space 132096K, 0% used [0x00000007d5e80000,0x00000007d5e80000,0x00000007ddf80000)
  from space 10240K, 99% used [0x00000007ddf80000,0x00000007de97c420,0x00000007de980000)
  to   space 9216K, 0% used [0x00000007de980000,0x00000007de980000,0x00000007df280000)
 ParOldGen       total 86016K, used 11036K [0x0000000781c00000, 0x0000000787000000, 0x00000007d5e80000)
  object space 86016K, 12% used [0x0000000781c00000,0x00000007826c73f0,0x0000000787000000)
 PSPermGen       total 29696K, used 29580K [0x000000077ca00000, 0x000000077e700000, 0x0000000781c00000)
  object space 29696K, 99% used [0x000000077ca00000,0x000000077e6e33a0,0x000000077e700000)
}
Event: 5.743 GC heap before
{Heap before GC invocations=8 (full 0):
 PSYoungGen      total 142336K, used 142321K [0x00000007d5e80000, 0x00000007df480000, 0x0000000800000000)
  eden space 132096K, 100% used [0x00000007d5e80000,0x00000007ddf80000,0x00000007ddf80000)
  from space 10240K, 99% used [0x00000007ddf80000,0x00000007de97c420,0x00000007de980000)
  to   space 9216K, 0% used [0x00000007de980000,0x00000007de980000,0x00000007df280000)
 ParOldGen       total 86016K, used 11036K [0x0000000781c00000, 0x0000000787000000, 0x00000007d5e80000)
  object space 86016K, 12% used [0x0000000781c00000,0x00000007826c73f0,0x0000000787000000)
 PSPermGen       total 33792K, used 33423K [0x000000077ca00000, 0x000000077eb00000, 0x0000000781c00000)
  object space 33792K, 98% used [0x000000077ca00000,0x000000077eaa3d10,0x000000077eb00000)
Event: 5.756 GC heap after
Heap after GC invocations=8 (full 0):
 PSYoungGen      total 141312K, used 9200K [0x00000007d5e80000, 0x00000007df480000, 0x0000000800000000)
  eden space 132096K, 0% used [0x00000007d5e80000,0x00000007d5e80000,0x00000007ddf80000)
  from space 9216K, 99% used [0x00000007de980000,0x00000007df27c320,0x00000007df280000)
  to   space 10240K, 0% used [0x00000007ddf80000,0x00000007ddf80000,0x00000007de980000)
 ParOldGen       total 86016K, used 21867K [0x0000000781c00000, 0x0000000787000000, 0x00000007d5e80000)
  object space 86016K, 25% used [0x0000000781c00000,0x000000078315ac28,0x0000000787000000)
 PSPermGen       total 33792K, used 33423K [0x000000077ca00000, 0x000000077eb00000, 0x0000000781c00000)
  object space 33792K, 98% used [0x000000077ca00000,0x000000077eaa3d10,0x000000077eb00000)
}
Event: 6.422 GC heap before
{Heap before GC invocations=9 (full 0):
 PSYoungGen      total 141312K, used 141296K [0x00000007d5e80000, 0x00000007df480000, 0x0000000800000000)
  eden space 132096K, 100% used [0x00000007d5e80000,0x00000007ddf80000,0x00000007ddf80000)
  from space 9216K, 99% used [0x00000007de980000,0x00000007df27c320,0x00000007df280000)
  to   space 10240K, 0% used [0x00000007ddf80000,0x00000007ddf80000,0x00000007de980000)
 ParOldGen       total 86016K, used 21867K [0x0000000781c00000, 0x0000000787000000, 0x00000007d5e80000)
  object space 86016K, 25% used [0x0000000781c00000,0x000000078315ac28,0x0000000787000000)
 PSPermGen       total 35328K, used 34989K [0x000000077ca00000, 0x000000077ec80000, 0x0000000781c00000)
  object space 35328K, 99% used [0x000000077ca00000,0x000000077ec2b538,0x000000077ec80000)
Event: 6.431 GC heap after
Heap after GC invocations=9 (full 0):
 PSYoungGen      total 142336K, used 10219K [0x00000007d5e80000, 0x00000007e5600000, 0x0000000800000000)
  eden space 132096K, 0% used [0x00000007d5e80000,0x00000007d5e80000,0x00000007ddf80000)
  from space 10240K, 99% used [0x00000007ddf80000,0x00000007de97afd8,0x00000007de980000)
  to   space 20992K, 0% used [0x00000007e4180000,0x00000007e4180000,0x00000007e5600000)
 ParOldGen       total 86016K, used 28759K [0x0000000781c00000, 0x0000000787000000, 0x00000007d5e80000)
  object space 86016K, 33% used [0x0000000781c00000,0x0000000783815f40,0x0000000787000000)
 PSPermGen       total 35328K, used 34989K [0x000000077ca00000, 0x000000077ec80000, 0x0000000781c00000)
  object space 35328K, 99% used [0x000000077ca00000,0x000000077ec2b538,0x000000077ec80000)
}

