# JRE version: Java(TM) SE Runtime Environment (7.0_71-b14) (build 1.7.0_71-b14)
# Java VM: Java HotSpot(TM) 64-Bit Server VM (24.71-b01 mixed mode windows-amd64 compressed oops)
Heap
 PSYoungGen      total 439296K, used 93404K [0x00000007d5e80000, 0x00000007f2300000, 0x0000000800000000)
  eden space 416768K, 19% used [0x00000007d5e80000,0x00000007dabe1478,0x00000007ef580000)
  from space 22528K, 62% used [0x00000007f0c00000,0x00000007f19d5bf8,0x00000007f2200000)
  to   space 23040K, 0% used [0x00000007ef580000,0x00000007ef580000,0x00000007f0c00000)
 ParOldGen       total 86016K, used 28674K [0x0000000781c00000, 0x0000000787000000, 0x00000007d5e80000)
  object space 86016K, 33% used [0x0000000781c00000,0x0000000783800900,0x0000000787000000)
 PSPermGen       total 48128K, used 48016K [0x000000077ca00000, 0x000000077f900000, 0x0000000781c00000)
  object space 48128K, 99% used [0x000000077ca00000,0x000000077f8e41c8,0x000000077f900000)
GC Heap History (10 events):
Event: 1.900 GC heap before
{Heap before GC invocations=6 (full 0):
 PSYoungGen      total 71680K, used 71663K [0x00000007d5e80000, 0x00000007df280000, 0x0000000800000000)
  eden space 66560K, 100% used [0x00000007d5e80000,0x00000007d9f80000,0x00000007d9f80000)
  from space 5120K, 99% used [0x00000007d9f80000,0x00000007da47bca8,0x00000007da480000)
  to   space 9216K, 0% used [0x00000007de980000,0x00000007de980000,0x00000007df280000)
 ParOldGen       total 86016K, used 4747K [0x0000000781c00000, 0x0000000787000000, 0x00000007d5e80000)
  object space 86016K, 5% used [0x0000000781c00000,0x00000007820a2f50,0x0000000787000000)
 PSPermGen       total 22528K, used 22199K [0x000000077ca00000, 0x000000077e000000, 0x0000000781c00000)
  object space 22528K, 98% used [0x000000077ca00000,0x000000077dfade40,0x000000077e000000)
Event: 1.907 GC heap after
Heap after GC invocations=6 (full 0):
 PSYoungGen      total 141824K, used 7603K [0x00000007d5e80000, 0x00000007df380000, 0x0000000800000000)
  eden space 132608K, 0% used [0x00000007d5e80000,0x00000007d5e80000,0x00000007de000000)
  from space 9216K, 82% used [0x00000007de980000,0x00000007df0ece88,0x00000007df280000)
  to   space 9728K, 0% used [0x00000007de000000,0x00000007de000000,0x00000007de980000)
 ParOldGen       total 86016K, used 4747K [0x0000000781c00000, 0x0000000787000000, 0x00000007d5e80000)
  object space 86016K, 5% used [0x0000000781c00000,0x00000007820a2f50,0x0000000787000000)
 PSPermGen       total 22528K, used 22199K [0x000000077ca00000, 0x000000077e000000, 0x0000000781c00000)
  object space 22528K, 98% used [0x000000077ca00000,0x000000077dfade40,0x000000077e000000)
}
Event: 2.653 GC heap before
{Heap before GC invocations=7 (full 0):
 PSYoungGen      total 141824K, used 140211K [0x00000007d5e80000, 0x00000007df380000, 0x0000000800000000)
  eden space 132608K, 100% used [0x00000007d5e80000,0x00000007de000000,0x00000007de000000)
  from space 9216K, 82% used [0x00000007de980000,0x00000007df0ece88,0x00000007df280000)
  to   space 9728K, 0% used [0x00000007de000000,0x00000007de000000,0x00000007de980000)
 ParOldGen       total 86016K, used 4747K [0x0000000781c00000, 0x0000000787000000, 0x00000007d5e80000)
  object space 86016K, 5% used [0x0000000781c00000,0x00000007820a2f50,0x0000000787000000)
 PSPermGen       total 26624K, used 26115K [0x000000077ca00000, 0x000000077e400000, 0x0000000781c00000)
  object space 26624K, 98% used [0x000000077ca00000,0x000000077e380ed8,0x000000077e400000)
Event: 2.663 GC heap after
Heap after GC invocations=7 (full 0):
 PSYoungGen      total 142336K, used 9726K [0x00000007d5e80000, 0x00000007e7980000, 0x0000000800000000)
  eden space 132608K, 0% used [0x00000007d5e80000,0x00000007d5e80000,0x00000007de000000)
  from space 9728K, 99% used [0x00000007de000000,0x00000007de97faa0,0x00000007de980000)
  to   space 12288K, 0% used [0x00000007e6d80000,0x00000007e6d80000,0x00000007e7980000)
 ParOldGen       total 86016K, used 7659K [0x0000000781c00000, 0x0000000787000000, 0x00000007d5e80000)
  object space 86016K, 8% used [0x0000000781c00000,0x000000078237af30,0x0000000787000000)
 PSPermGen       total 26624K, used 26115K [0x000000077ca00000, 0x000000077e400000, 0x0000000781c00000)
  object space 26624K, 98% used [0x000000077ca00000,0x000000077e380ed8,0x000000077e400000)
}
Event: 3.612 GC heap before
{Heap before GC invocations=8 (full 0):
 PSYoungGen      total 142336K, used 142334K [0x00000007d5e80000, 0x00000007e7980000, 0x0000000800000000)
  eden space 132608K, 100% used [0x00000007d5e80000,0x00000007de000000,0x00000007de000000)
  from space 9728K, 99% used [0x00000007de000000,0x00000007de97faa0,0x00000007de980000)
  to   space 12288K, 0% used [0x00000007e6d80000,0x00000007e6d80000,0x00000007e7980000)
 ParOldGen       total 86016K, used 7659K [0x0000000781c00000, 0x0000000787000000, 0x00000007d5e80000)
  object space 86016K, 8% used [0x0000000781c00000,0x000000078237af30,0x0000000787000000)
 PSPermGen       total 31232K, used 30819K [0x000000077ca00000, 0x000000077e880000, 0x0000000781c00000)
  object space 31232K, 98% used [0x000000077ca00000,0x000000077e818ca8,0x000000077e880000)
Event: 3.627 GC heap after
Heap after GC invocations=8 (full 0):
 PSYoungGen      total 272896K, used 12273K [0x00000007d5e80000, 0x00000007e8280000, 0x0000000800000000)
  eden space 260608K, 0% used [0x00000007d5e80000,0x00000007d5e80000,0x00000007e5d00000)
  from space 12288K, 99% used [0x00000007e6d80000,0x00000007e797c658,0x00000007e7980000)
  to   space 16896K, 0% used [0x00000007e5d00000,0x00000007e5d00000,0x00000007e6d80000)
 ParOldGen       total 86016K, used 14125K [0x0000000781c00000, 0x0000000787000000, 0x00000007d5e80000)
  object space 86016K, 16% used [0x0000000781c00000,0x00000007829cb558,0x0000000787000000)
 PSPermGen       total 31232K, used 30819K [0x000000077ca00000, 0x000000077e880000, 0x0000000781c00000)
  object space 31232K, 98% used [0x000000077ca00000,0x000000077e818ca8,0x000000077e880000)
}
Event: 5.543 GC heap before
{Heap before GC invocations=9 (full 0):
 PSYoungGen      total 272896K, used 272881K [0x00000007d5e80000, 0x00000007e8280000, 0x0000000800000000)
  eden space 260608K, 100% used [0x00000007d5e80000,0x00000007e5d00000,0x00000007e5d00000)
  from space 12288K, 99% used [0x00000007e6d80000,0x00000007e797c658,0x00000007e7980000)
  to   space 16896K, 0% used [0x00000007e5d00000,0x00000007e5d00000,0x00000007e6d80000)
 ParOldGen       total 86016K, used 14125K [0x0000000781c00000, 0x0000000787000000, 0x00000007d5e80000)
  object space 86016K, 16% used [0x0000000781c00000,0x00000007829cb558,0x0000000787000000)
 PSPermGen       total 38912K, used 38814K [0x000000077ca00000, 0x000000077f000000, 0x0000000781c00000)
  object space 38912K, 99% used [0x000000077ca00000,0x000000077efe7b20,0x000000077f000000)
Event: 5.564 GC heap after
Heap after GC invocations=9 (full 0):
 PSYoungGen      total 277504K, used 16865K [0x00000007d5e80000, 0x00000007f2200000, 0x0000000800000000)
  eden space 260608K, 0% used [0x00000007d5e80000,0x00000007d5e80000,0x00000007e5d00000)
  from space 16896K, 99% used [0x00000007e5d00000,0x00000007e6d786c8,0x00000007e6d80000)
  to   space 22528K, 0% used [0x00000007f0c00000,0x00000007f0c00000,0x00000007f2200000)
 ParOldGen       total 86016K, used 22096K [0x0000000781c00000, 0x0000000787000000, 0x00000007d5e80000)
  object space 86016K, 25% used [0x0000000781c00000,0x00000007831943e8,0x0000000787000000)
 PSPermGen       total 38912K, used 38814K [0x000000077ca00000, 0x000000077f000000, 0x0000000781c00000)
  object space 38912K, 99% used [0x000000077ca00000,0x000000077efe7b20,0x000000077f000000)
}
Event: 25.627 GC heap before
{Heap before GC invocations=10 (full 0):
 PSYoungGen      total 277504K, used 277473K [0x00000007d5e80000, 0x00000007f2200000, 0x0000000800000000)
  eden space 260608K, 100% used [0x00000007d5e80000,0x00000007e5d00000,0x00000007e5d00000)
  from space 16896K, 99% used [0x00000007e5d00000,0x00000007e6d786c8,0x00000007e6d80000)
  to   space 22528K, 0% used [0x00000007f0c00000,0x00000007f0c00000,0x00000007f2200000)
 ParOldGen       total 86016K, used 22096K [0x0000000781c00000, 0x0000000787000000, 0x00000007d5e80000)
  object space 86016K, 25% used [0x0000000781c00000,0x00000007831943e8,0x0000000787000000)
 PSPermGen       total 46080K, used 45767K [0x000000077ca00000, 0x000000077f700000, 0x0000000781c00000)
  object space 46080K, 99% used [0x000000077ca00000,0x000000077f6b1eb0,0x000000077f700000)
Event: 25.661 GC heap after
Heap after GC invocations=10 (full 0):
 PSYoungGen      total 439296K, used 14166K [0x00000007d5e80000, 0x00000007f2300000, 0x0000000800000000)
  eden space 416768K, 0% used [0x00000007d5e80000,0x00000007d5e80000,0x00000007ef580000)
  from space 22528K, 62% used [0x00000007f0c00000,0x00000007f19d5bf8,0x00000007f2200000)
  to   space 23040K, 0% used [0x00000007ef580000,0x00000007ef580000,0x00000007f0c00000)
 ParOldGen       total 86016K, used 28674K [0x0000000781c00000, 0x0000000787000000, 0x00000007d5e80000)
  object space 86016K, 33% used [0x0000000781c00000,0x0000000783800900,0x0000000787000000)
 PSPermGen       total 46080K, used 45767K [0x000000077ca00000, 0x000000077f700000, 0x0000000781c00000)
  object space 46080K, 99% used [0x000000077ca00000,0x000000077f6b1eb0,0x000000077f700000)
}

